{"/Users/leeshuchen/Desktop/cloud_native_27/backend/config/email.js":{"path":"/Users/leeshuchen/Desktop/cloud_native_27/backend/config/email.js","statementMap":{},"fnMap":{},"branchMap":{},"s":{},"f":{},"b":{},"all":true},"/Users/leeshuchen/Desktop/cloud_native_27/backend/config/imgur.js":{"path":"/Users/leeshuchen/Desktop/cloud_native_27/backend/config/imgur.js","statementMap":{"0":{"start":{"line":4,"column":24},"end":{"line":4,"column":29}},"1":{"start":{"line":6,"column":0},"end":{"line":6,"column":16}},"2":{"start":{"line":8,"column":28},"end":{"line":12,"column":2}}},"fnMap":{},"branchMap":{},"s":{"0":0,"1":0,"2":0},"f":{},"b":{},"all":true},"/Users/leeshuchen/Desktop/cloud_native_27/backend/config/mysql.js":{"path":"/Users/leeshuchen/Desktop/cloud_native_27/backend/config/mysql.js","statementMap":{"0":{"start":{"line":4,"column":0},"end":{"line":4,"column":16}}},"fnMap":{},"branchMap":{},"s":{"0":0},"f":{},"b":{},"all":true},"/Users/leeshuchen/Desktop/cloud_native_27/backend/controllers/admin.js":{"path":"/Users/leeshuchen/Desktop/cloud_native_27/backend/controllers/admin.js","statementMap":{"0":{"start":{"line":32,"column":32},"end":{"line":54,"column":1}},"1":{"start":{"line":33,"column":4},"end":{"line":53,"column":5}},"2":{"start":{"line":36,"column":19},"end":{"line":36,"column":21}},"3":{"start":{"line":38,"column":25},"end":{"line":38,"column":34}},"4":{"start":{"line":39,"column":24},"end":{"line":39,"column":47}},"5":{"start":{"line":40,"column":8},"end":{"line":49,"column":9}},"6":{"start":{"line":42,"column":27},"end":{"line":42,"column":56}},"7":{"start":{"line":43,"column":12},"end":{"line":43,"column":47}},"8":{"start":{"line":47,"column":28},"end":{"line":47,"column":52}},"9":{"start":{"line":48,"column":12},"end":{"line":48,"column":48}},"10":{"start":{"line":51,"column":8},"end":{"line":51,"column":25}},"11":{"start":{"line":52,"column":8},"end":{"line":52,"column":33}},"12":{"start":{"line":56,"column":37},"end":{"line":88,"column":1}},"13":{"start":{"line":57,"column":4},"end":{"line":87,"column":5}},"14":{"start":{"line":60,"column":19},"end":{"line":60,"column":21}},"15":{"start":{"line":61,"column":8},"end":{"line":61,"column":47}},"16":{"start":{"line":62,"column":25},"end":{"line":62,"column":34}},"17":{"start":{"line":63,"column":24},"end":{"line":63,"column":47}},"18":{"start":{"line":64,"column":8},"end":{"line":83,"column":9}},"19":{"start":{"line":65,"column":25},"end":{"line":65,"column":66}},"20":{"start":{"line":66,"column":12},"end":{"line":69,"column":13}},"21":{"start":{"line":67,"column":32},"end":{"line":67,"column":53}},"22":{"start":{"line":68,"column":16},"end":{"line":68,"column":52}},"23":{"start":{"line":70,"column":27},"end":{"line":70,"column":76}},"24":{"start":{"line":71,"column":12},"end":{"line":74,"column":13}},"25":{"start":{"line":73,"column":16},"end":{"line":73,"column":47}},"26":{"start":{"line":75,"column":32},"end":{"line":75,"column":71}},"27":{"start":{"line":75,"column":51},"end":{"line":75,"column":70}},"28":{"start":{"line":76,"column":28},"end":{"line":76,"column":80}},"29":{"start":{"line":77,"column":12},"end":{"line":77,"column":48}},"30":{"start":{"line":81,"column":28},"end":{"line":81,"column":52}},"31":{"start":{"line":82,"column":12},"end":{"line":82,"column":48}},"32":{"start":{"line":85,"column":8},"end":{"line":85,"column":25}},"33":{"start":{"line":86,"column":8},"end":{"line":86,"column":33}},"34":{"start":{"line":91,"column":37},"end":{"line":161,"column":1}},"35":{"start":{"line":92,"column":4},"end":{"line":160,"column":5}},"36":{"start":{"line":95,"column":25},"end":{"line":95,"column":34}},"37":{"start":{"line":96,"column":8},"end":{"line":96,"column":77}},"38":{"start":{"line":98,"column":24},"end":{"line":98,"column":47}},"39":{"start":{"line":99,"column":8},"end":{"line":156,"column":9}},"40":{"start":{"line":100,"column":27},"end":{"line":100,"column":69}},"41":{"start":{"line":102,"column":25},"end":{"line":102,"column":27}},"42":{"start":{"line":104,"column":12},"end":{"line":136,"column":13}},"43":{"start":{"line":105,"column":16},"end":{"line":119,"column":17}},"44":{"start":{"line":105,"column":29},"end":{"line":105,"column":30}},"45":{"start":{"line":106,"column":32},"end":{"line":106,"column":83}},"46":{"start":{"line":107,"column":32},"end":{"line":107,"column":33}},"47":{"start":{"line":108,"column":20},"end":{"line":115,"column":21}},"48":{"start":{"line":108,"column":33},"end":{"line":108,"column":34}},"49":{"start":{"line":109,"column":24},"end":{"line":109,"column":73}},"50":{"start":{"line":111,"column":24},"end":{"line":114,"column":25}},"51":{"start":{"line":112,"column":28},"end":{"line":112,"column":37}},"52":{"start":{"line":113,"column":28},"end":{"line":113,"column":34}},"53":{"start":{"line":116,"column":20},"end":{"line":118,"column":21}},"54":{"start":{"line":117,"column":24},"end":{"line":117,"column":46}},"55":{"start":{"line":121,"column":16},"end":{"line":135,"column":17}},"56":{"start":{"line":121,"column":28},"end":{"line":121,"column":29}},"57":{"start":{"line":122,"column":32},"end":{"line":122,"column":83}},"58":{"start":{"line":123,"column":32},"end":{"line":123,"column":33}},"59":{"start":{"line":124,"column":20},"end":{"line":131,"column":21}},"60":{"start":{"line":124,"column":32},"end":{"line":124,"column":33}},"61":{"start":{"line":125,"column":24},"end":{"line":125,"column":73}},"62":{"start":{"line":127,"column":24},"end":{"line":130,"column":25}},"63":{"start":{"line":128,"column":28},"end":{"line":128,"column":37}},"64":{"start":{"line":129,"column":28},"end":{"line":129,"column":34}},"65":{"start":{"line":132,"column":20},"end":{"line":134,"column":21}},"66":{"start":{"line":133,"column":24},"end":{"line":133,"column":46}},"67":{"start":{"line":139,"column":24},"end":{"line":139,"column":26}},"68":{"start":{"line":140,"column":23},"end":{"line":140,"column":78}},"69":{"start":{"line":141,"column":31},"end":{"line":141,"column":49}},"70":{"start":{"line":142,"column":29},"end":{"line":142,"column":41}},"71":{"start":{"line":144,"column":37},"end":{"line":144,"column":71}},"72":{"start":{"line":145,"column":31},"end":{"line":145,"column":61}},"73":{"start":{"line":146,"column":28},"end":{"line":149,"column":13}},"74":{"start":{"line":150,"column":12},"end":{"line":150,"column":48}},"75":{"start":{"line":154,"column":28},"end":{"line":154,"column":52}},"76":{"start":{"line":155,"column":12},"end":{"line":155,"column":48}},"77":{"start":{"line":158,"column":8},"end":{"line":158,"column":25}},"78":{"start":{"line":159,"column":8},"end":{"line":159,"column":33}},"79":{"start":{"line":163,"column":43},"end":{"line":203,"column":1}},"80":{"start":{"line":164,"column":4},"end":{"line":202,"column":5}},"81":{"start":{"line":167,"column":19},"end":{"line":167,"column":21}},"82":{"start":{"line":168,"column":8},"end":{"line":168,"column":49}},"83":{"start":{"line":169,"column":8},"end":{"line":169,"column":77}},"84":{"start":{"line":170,"column":25},"end":{"line":170,"column":34}},"85":{"start":{"line":171,"column":24},"end":{"line":171,"column":47}},"86":{"start":{"line":172,"column":8},"end":{"line":198,"column":9}},"87":{"start":{"line":173,"column":27},"end":{"line":173,"column":71}},"88":{"start":{"line":175,"column":25},"end":{"line":175,"column":27}},"89":{"start":{"line":177,"column":12},"end":{"line":184,"column":13}},"90":{"start":{"line":178,"column":16},"end":{"line":183,"column":17}},"91":{"start":{"line":178,"column":29},"end":{"line":178,"column":30}},"92":{"start":{"line":179,"column":20},"end":{"line":179,"column":71}},"93":{"start":{"line":180,"column":20},"end":{"line":182,"column":21}},"94":{"start":{"line":181,"column":24},"end":{"line":181,"column":46}},"95":{"start":{"line":185,"column":30},"end":{"line":185,"column":76}},"96":{"start":{"line":186,"column":25},"end":{"line":186,"column":66}},"97":{"start":{"line":187,"column":28},"end":{"line":191,"column":13}},"98":{"start":{"line":192,"column":12},"end":{"line":192,"column":48}},"99":{"start":{"line":196,"column":28},"end":{"line":196,"column":52}},"100":{"start":{"line":197,"column":12},"end":{"line":197,"column":48}},"101":{"start":{"line":200,"column":8},"end":{"line":200,"column":25}},"102":{"start":{"line":201,"column":8},"end":{"line":201,"column":33}},"103":{"start":{"line":205,"column":30},"end":{"line":258,"column":1}},"104":{"start":{"line":206,"column":4},"end":{"line":257,"column":5}},"105":{"start":{"line":210,"column":26},"end":{"line":210,"column":34}},"106":{"start":{"line":212,"column":19},"end":{"line":212,"column":21}},"107":{"start":{"line":213,"column":25},"end":{"line":213,"column":34}},"108":{"start":{"line":214,"column":8},"end":{"line":214,"column":36}},"109":{"start":{"line":215,"column":8},"end":{"line":215,"column":31}},"110":{"start":{"line":216,"column":8},"end":{"line":216,"column":28}},"111":{"start":{"line":217,"column":8},"end":{"line":217,"column":40}},"112":{"start":{"line":218,"column":8},"end":{"line":218,"column":42}},"113":{"start":{"line":219,"column":8},"end":{"line":219,"column":42}},"114":{"start":{"line":220,"column":8},"end":{"line":220,"column":45}},"115":{"start":{"line":222,"column":33},"end":{"line":222,"column":70}},"116":{"start":{"line":223,"column":32},"end":{"line":223,"column":67}},"117":{"start":{"line":225,"column":8},"end":{"line":253,"column":9}},"118":{"start":{"line":227,"column":12},"end":{"line":227,"column":42}},"119":{"start":{"line":228,"column":15},"end":{"line":253,"column":9}},"120":{"start":{"line":230,"column":12},"end":{"line":230,"column":37}},"121":{"start":{"line":231,"column":15},"end":{"line":253,"column":9}},"122":{"start":{"line":233,"column":12},"end":{"line":233,"column":39}},"123":{"start":{"line":237,"column":36},"end":{"line":237,"column":76}},"124":{"start":{"line":238,"column":12},"end":{"line":238,"column":47}},"125":{"start":{"line":239,"column":28},"end":{"line":239,"column":51}},"126":{"start":{"line":240,"column":12},"end":{"line":252,"column":13}},"127":{"start":{"line":242,"column":29},"end":{"line":242,"column":31}},"128":{"start":{"line":243,"column":16},"end":{"line":243,"column":71}},"129":{"start":{"line":244,"column":16},"end":{"line":244,"column":45}},"130":{"start":{"line":245,"column":16},"end":{"line":245,"column":37}},"131":{"start":{"line":246,"column":16},"end":{"line":246,"column":51}},"132":{"start":{"line":250,"column":32},"end":{"line":250,"column":56}},"133":{"start":{"line":251,"column":16},"end":{"line":251,"column":52}},"134":{"start":{"line":255,"column":8},"end":{"line":255,"column":25}},"135":{"start":{"line":256,"column":8},"end":{"line":256,"column":33}},"136":{"start":{"line":260,"column":28},"end":{"line":309,"column":1}},"137":{"start":{"line":261,"column":4},"end":{"line":308,"column":5}},"138":{"start":{"line":264,"column":19},"end":{"line":264,"column":27}},"139":{"start":{"line":265,"column":8},"end":{"line":265,"column":47}},"140":{"start":{"line":266,"column":25},"end":{"line":266,"column":34}},"141":{"start":{"line":268,"column":33},"end":{"line":268,"column":70}},"142":{"start":{"line":269,"column":32},"end":{"line":269,"column":67}},"143":{"start":{"line":270,"column":25},"end":{"line":270,"column":65}},"144":{"start":{"line":271,"column":8},"end":{"line":274,"column":9}},"145":{"start":{"line":273,"column":12},"end":{"line":273,"column":37}},"146":{"start":{"line":276,"column":8},"end":{"line":304,"column":9}},"147":{"start":{"line":278,"column":12},"end":{"line":278,"column":42}},"148":{"start":{"line":279,"column":15},"end":{"line":304,"column":9}},"149":{"start":{"line":281,"column":12},"end":{"line":281,"column":37}},"150":{"start":{"line":282,"column":15},"end":{"line":304,"column":9}},"151":{"start":{"line":284,"column":12},"end":{"line":284,"column":39}},"152":{"start":{"line":285,"column":15},"end":{"line":304,"column":9}},"153":{"start":{"line":287,"column":12},"end":{"line":287,"column":54}},"154":{"start":{"line":291,"column":36},"end":{"line":291,"column":76}},"155":{"start":{"line":292,"column":12},"end":{"line":292,"column":47}},"156":{"start":{"line":293,"column":28},"end":{"line":293,"column":51}},"157":{"start":{"line":294,"column":12},"end":{"line":303,"column":13}},"158":{"start":{"line":296,"column":31},"end":{"line":296,"column":60}},"159":{"start":{"line":297,"column":16},"end":{"line":297,"column":51}},"160":{"start":{"line":301,"column":32},"end":{"line":301,"column":56}},"161":{"start":{"line":302,"column":16},"end":{"line":302,"column":52}},"162":{"start":{"line":306,"column":8},"end":{"line":306,"column":25}},"163":{"start":{"line":307,"column":8},"end":{"line":307,"column":33}},"164":{"start":{"line":311,"column":31},"end":{"line":343,"column":1}},"165":{"start":{"line":312,"column":4},"end":{"line":342,"column":5}},"166":{"start":{"line":316,"column":22},"end":{"line":316,"column":42}},"167":{"start":{"line":317,"column":23},"end":{"line":317,"column":32}},"168":{"start":{"line":318,"column":24},"end":{"line":318,"column":47}},"169":{"start":{"line":319,"column":25},"end":{"line":319,"column":57}},"170":{"start":{"line":320,"column":8},"end":{"line":323,"column":9}},"171":{"start":{"line":322,"column":12},"end":{"line":322,"column":37}},"172":{"start":{"line":324,"column":8},"end":{"line":338,"column":9}},"173":{"start":{"line":325,"column":12},"end":{"line":333,"column":13}},"174":{"start":{"line":327,"column":16},"end":{"line":327,"column":46}},"175":{"start":{"line":330,"column":31},"end":{"line":330,"column":66}},"176":{"start":{"line":331,"column":16},"end":{"line":331,"column":36}},"177":{"start":{"line":332,"column":16},"end":{"line":332,"column":51}},"178":{"start":{"line":336,"column":28},"end":{"line":336,"column":52}},"179":{"start":{"line":337,"column":12},"end":{"line":337,"column":48}},"180":{"start":{"line":340,"column":8},"end":{"line":340,"column":25}},"181":{"start":{"line":341,"column":8},"end":{"line":341,"column":33}},"182":{"start":{"line":345,"column":31},"end":{"line":364,"column":1}},"183":{"start":{"line":346,"column":4},"end":{"line":363,"column":5}},"184":{"start":{"line":349,"column":25},"end":{"line":349,"column":34}},"185":{"start":{"line":350,"column":24},"end":{"line":350,"column":47}},"186":{"start":{"line":351,"column":8},"end":{"line":359,"column":9}},"187":{"start":{"line":352,"column":27},"end":{"line":352,"column":47}},"188":{"start":{"line":353,"column":12},"end":{"line":353,"column":47}},"189":{"start":{"line":357,"column":28},"end":{"line":357,"column":52}},"190":{"start":{"line":358,"column":12},"end":{"line":358,"column":48}},"191":{"start":{"line":361,"column":8},"end":{"line":361,"column":25}},"192":{"start":{"line":362,"column":8},"end":{"line":362,"column":33}},"193":{"start":{"line":366,"column":29},"end":{"line":390,"column":1}},"194":{"start":{"line":367,"column":4},"end":{"line":389,"column":5}},"195":{"start":{"line":370,"column":25},"end":{"line":370,"column":34}},"196":{"start":{"line":371,"column":24},"end":{"line":371,"column":47}},"197":{"start":{"line":372,"column":8},"end":{"line":385,"column":9}},"198":{"start":{"line":373,"column":27},"end":{"line":373,"column":73}},"199":{"start":{"line":374,"column":12},"end":{"line":381,"column":13}},"200":{"start":{"line":375,"column":32},"end":{"line":375,"column":53}},"201":{"start":{"line":376,"column":16},"end":{"line":376,"column":52}},"202":{"start":{"line":379,"column":16},"end":{"line":379,"column":51}},"203":{"start":{"line":383,"column":28},"end":{"line":383,"column":52}},"204":{"start":{"line":384,"column":12},"end":{"line":384,"column":48}},"205":{"start":{"line":387,"column":8},"end":{"line":387,"column":25}},"206":{"start":{"line":388,"column":8},"end":{"line":388,"column":33}}},"fnMap":{"0":{"name":"(anonymous_0)","decl":{"start":{"line":32,"column":32},"end":{"line":32,"column":33}},"loc":{"start":{"line":32,"column":50},"end":{"line":54,"column":1}},"line":32},"1":{"name":"(anonymous_1)","decl":{"start":{"line":56,"column":37},"end":{"line":56,"column":38}},"loc":{"start":{"line":56,"column":55},"end":{"line":88,"column":1}},"line":56},"2":{"name":"(anonymous_2)","decl":{"start":{"line":75,"column":43},"end":{"line":75,"column":44}},"loc":{"start":{"line":75,"column":51},"end":{"line":75,"column":70}},"line":75},"3":{"name":"(anonymous_3)","decl":{"start":{"line":91,"column":37},"end":{"line":91,"column":38}},"loc":{"start":{"line":91,"column":55},"end":{"line":161,"column":1}},"line":91},"4":{"name":"(anonymous_4)","decl":{"start":{"line":163,"column":43},"end":{"line":163,"column":44}},"loc":{"start":{"line":163,"column":61},"end":{"line":203,"column":1}},"line":163},"5":{"name":"(anonymous_5)","decl":{"start":{"line":205,"column":30},"end":{"line":205,"column":31}},"loc":{"start":{"line":205,"column":48},"end":{"line":258,"column":1}},"line":205},"6":{"name":"(anonymous_6)","decl":{"start":{"line":260,"column":28},"end":{"line":260,"column":29}},"loc":{"start":{"line":260,"column":46},"end":{"line":309,"column":1}},"line":260},"7":{"name":"(anonymous_7)","decl":{"start":{"line":311,"column":31},"end":{"line":311,"column":32}},"loc":{"start":{"line":311,"column":49},"end":{"line":343,"column":1}},"line":311},"8":{"name":"(anonymous_8)","decl":{"start":{"line":345,"column":31},"end":{"line":345,"column":32}},"loc":{"start":{"line":345,"column":49},"end":{"line":364,"column":1}},"line":345},"9":{"name":"(anonymous_9)","decl":{"start":{"line":366,"column":29},"end":{"line":366,"column":30}},"loc":{"start":{"line":366,"column":47},"end":{"line":390,"column":1}},"line":366}},"branchMap":{"0":{"loc":{"start":{"line":40,"column":8},"end":{"line":49,"column":9}},"type":"if","locations":[{"start":{"line":40,"column":8},"end":{"line":49,"column":9}},{"start":{"line":40,"column":8},"end":{"line":49,"column":9}}],"line":40},"1":{"loc":{"start":{"line":64,"column":8},"end":{"line":83,"column":9}},"type":"if","locations":[{"start":{"line":64,"column":8},"end":{"line":83,"column":9}},{"start":{"line":64,"column":8},"end":{"line":83,"column":9}}],"line":64},"2":{"loc":{"start":{"line":66,"column":12},"end":{"line":69,"column":13}},"type":"if","locations":[{"start":{"line":66,"column":12},"end":{"line":69,"column":13}},{"start":{"line":66,"column":12},"end":{"line":69,"column":13}}],"line":66},"3":{"loc":{"start":{"line":71,"column":12},"end":{"line":74,"column":13}},"type":"if","locations":[{"start":{"line":71,"column":12},"end":{"line":74,"column":13}},{"start":{"line":71,"column":12},"end":{"line":74,"column":13}}],"line":71},"4":{"loc":{"start":{"line":99,"column":8},"end":{"line":156,"column":9}},"type":"if","locations":[{"start":{"line":99,"column":8},"end":{"line":156,"column":9}},{"start":{"line":99,"column":8},"end":{"line":156,"column":9}}],"line":99},"5":{"loc":{"start":{"line":104,"column":12},"end":{"line":136,"column":13}},"type":"if","locations":[{"start":{"line":104,"column":12},"end":{"line":136,"column":13}},{"start":{"line":104,"column":12},"end":{"line":136,"column":13}}],"line":104},"6":{"loc":{"start":{"line":111,"column":24},"end":{"line":114,"column":25}},"type":"if","locations":[{"start":{"line":111,"column":24},"end":{"line":114,"column":25}},{"start":{"line":111,"column":24},"end":{"line":114,"column":25}}],"line":111},"7":{"loc":{"start":{"line":116,"column":20},"end":{"line":118,"column":21}},"type":"if","locations":[{"start":{"line":116,"column":20},"end":{"line":118,"column":21}},{"start":{"line":116,"column":20},"end":{"line":118,"column":21}}],"line":116},"8":{"loc":{"start":{"line":127,"column":24},"end":{"line":130,"column":25}},"type":"if","locations":[{"start":{"line":127,"column":24},"end":{"line":130,"column":25}},{"start":{"line":127,"column":24},"end":{"line":130,"column":25}}],"line":127},"9":{"loc":{"start":{"line":132,"column":20},"end":{"line":134,"column":21}},"type":"if","locations":[{"start":{"line":132,"column":20},"end":{"line":134,"column":21}},{"start":{"line":132,"column":20},"end":{"line":134,"column":21}}],"line":132},"10":{"loc":{"start":{"line":140,"column":23},"end":{"line":140,"column":78}},"type":"cond-expr","locations":[{"start":{"line":140,"column":57},"end":{"line":140,"column":74}},{"start":{"line":140,"column":77},"end":{"line":140,"column":78}}],"line":140},"11":{"loc":{"start":{"line":172,"column":8},"end":{"line":198,"column":9}},"type":"if","locations":[{"start":{"line":172,"column":8},"end":{"line":198,"column":9}},{"start":{"line":172,"column":8},"end":{"line":198,"column":9}}],"line":172},"12":{"loc":{"start":{"line":177,"column":12},"end":{"line":184,"column":13}},"type":"if","locations":[{"start":{"line":177,"column":12},"end":{"line":184,"column":13}},{"start":{"line":177,"column":12},"end":{"line":184,"column":13}}],"line":177},"13":{"loc":{"start":{"line":180,"column":20},"end":{"line":182,"column":21}},"type":"if","locations":[{"start":{"line":180,"column":20},"end":{"line":182,"column":21}},{"start":{"line":180,"column":20},"end":{"line":182,"column":21}}],"line":180},"14":{"loc":{"start":{"line":225,"column":8},"end":{"line":253,"column":9}},"type":"if","locations":[{"start":{"line":225,"column":8},"end":{"line":253,"column":9}},{"start":{"line":225,"column":8},"end":{"line":253,"column":9}}],"line":225},"15":{"loc":{"start":{"line":225,"column":12},"end":{"line":225,"column":47}},"type":"binary-expr","locations":[{"start":{"line":225,"column":12},"end":{"line":225,"column":27}},{"start":{"line":225,"column":31},"end":{"line":225,"column":47}}],"line":225},"16":{"loc":{"start":{"line":228,"column":15},"end":{"line":253,"column":9}},"type":"if","locations":[{"start":{"line":228,"column":15},"end":{"line":253,"column":9}},{"start":{"line":228,"column":15},"end":{"line":253,"column":9}}],"line":228},"17":{"loc":{"start":{"line":231,"column":15},"end":{"line":253,"column":9}},"type":"if","locations":[{"start":{"line":231,"column":15},"end":{"line":253,"column":9}},{"start":{"line":231,"column":15},"end":{"line":253,"column":9}}],"line":231},"18":{"loc":{"start":{"line":240,"column":12},"end":{"line":252,"column":13}},"type":"if","locations":[{"start":{"line":240,"column":12},"end":{"line":252,"column":13}},{"start":{"line":240,"column":12},"end":{"line":252,"column":13}}],"line":240},"19":{"loc":{"start":{"line":271,"column":8},"end":{"line":274,"column":9}},"type":"if","locations":[{"start":{"line":271,"column":8},"end":{"line":274,"column":9}},{"start":{"line":271,"column":8},"end":{"line":274,"column":9}}],"line":271},"20":{"loc":{"start":{"line":276,"column":8},"end":{"line":304,"column":9}},"type":"if","locations":[{"start":{"line":276,"column":8},"end":{"line":304,"column":9}},{"start":{"line":276,"column":8},"end":{"line":304,"column":9}}],"line":276},"21":{"loc":{"start":{"line":276,"column":12},"end":{"line":276,"column":47}},"type":"binary-expr","locations":[{"start":{"line":276,"column":12},"end":{"line":276,"column":27}},{"start":{"line":276,"column":31},"end":{"line":276,"column":47}}],"line":276},"22":{"loc":{"start":{"line":279,"column":15},"end":{"line":304,"column":9}},"type":"if","locations":[{"start":{"line":279,"column":15},"end":{"line":304,"column":9}},{"start":{"line":279,"column":15},"end":{"line":304,"column":9}}],"line":279},"23":{"loc":{"start":{"line":282,"column":15},"end":{"line":304,"column":9}},"type":"if","locations":[{"start":{"line":282,"column":15},"end":{"line":304,"column":9}},{"start":{"line":282,"column":15},"end":{"line":304,"column":9}}],"line":282},"24":{"loc":{"start":{"line":285,"column":15},"end":{"line":304,"column":9}},"type":"if","locations":[{"start":{"line":285,"column":15},"end":{"line":304,"column":9}},{"start":{"line":285,"column":15},"end":{"line":304,"column":9}}],"line":285},"25":{"loc":{"start":{"line":294,"column":12},"end":{"line":303,"column":13}},"type":"if","locations":[{"start":{"line":294,"column":12},"end":{"line":303,"column":13}},{"start":{"line":294,"column":12},"end":{"line":303,"column":13}}],"line":294},"26":{"loc":{"start":{"line":320,"column":8},"end":{"line":323,"column":9}},"type":"if","locations":[{"start":{"line":320,"column":8},"end":{"line":323,"column":9}},{"start":{"line":320,"column":8},"end":{"line":323,"column":9}}],"line":320},"27":{"loc":{"start":{"line":324,"column":8},"end":{"line":338,"column":9}},"type":"if","locations":[{"start":{"line":324,"column":8},"end":{"line":338,"column":9}},{"start":{"line":324,"column":8},"end":{"line":338,"column":9}}],"line":324},"28":{"loc":{"start":{"line":325,"column":12},"end":{"line":333,"column":13}},"type":"if","locations":[{"start":{"line":325,"column":12},"end":{"line":333,"column":13}},{"start":{"line":325,"column":12},"end":{"line":333,"column":13}}],"line":325},"29":{"loc":{"start":{"line":351,"column":8},"end":{"line":359,"column":9}},"type":"if","locations":[{"start":{"line":351,"column":8},"end":{"line":359,"column":9}},{"start":{"line":351,"column":8},"end":{"line":359,"column":9}}],"line":351},"30":{"loc":{"start":{"line":372,"column":8},"end":{"line":385,"column":9}},"type":"if","locations":[{"start":{"line":372,"column":8},"end":{"line":385,"column":9}},{"start":{"line":372,"column":8},"end":{"line":385,"column":9}}],"line":372},"31":{"loc":{"start":{"line":374,"column":12},"end":{"line":381,"column":13}},"type":"if","locations":[{"start":{"line":374,"column":12},"end":{"line":381,"column":13}},{"start":{"line":374,"column":12},"end":{"line":381,"column":13}}],"line":374}},"s":{"0":0,"1":0,"2":0,"3":0,"4":0,"5":0,"6":0,"7":0,"8":0,"9":0,"10":0,"11":0,"12":0,"13":0,"14":0,"15":0,"16":0,"17":0,"18":0,"19":0,"20":0,"21":0,"22":0,"23":0,"24":0,"25":0,"26":0,"27":0,"28":0,"29":0,"30":0,"31":0,"32":0,"33":0,"34":0,"35":0,"36":0,"37":0,"38":0,"39":0,"40":0,"41":0,"42":0,"43":0,"44":0,"45":0,"46":0,"47":0,"48":0,"49":0,"50":0,"51":0,"52":0,"53":0,"54":0,"55":0,"56":0,"57":0,"58":0,"59":0,"60":0,"61":0,"62":0,"63":0,"64":0,"65":0,"66":0,"67":0,"68":0,"69":0,"70":0,"71":0,"72":0,"73":0,"74":0,"75":0,"76":0,"77":0,"78":0,"79":0,"80":0,"81":0,"82":0,"83":0,"84":0,"85":0,"86":0,"87":0,"88":0,"89":0,"90":0,"91":0,"92":0,"93":0,"94":0,"95":0,"96":0,"97":0,"98":0,"99":0,"100":0,"101":0,"102":0,"103":0,"104":0,"105":0,"106":0,"107":0,"108":0,"109":0,"110":0,"111":0,"112":0,"113":0,"114":0,"115":0,"116":0,"117":0,"118":0,"119":0,"120":0,"121":0,"122":0,"123":0,"124":0,"125":0,"126":0,"127":0,"128":0,"129":0,"130":0,"131":0,"132":0,"133":0,"134":0,"135":0,"136":0,"137":0,"138":0,"139":0,"140":0,"141":0,"142":0,"143":0,"144":0,"145":0,"146":0,"147":0,"148":0,"149":0,"150":0,"151":0,"152":0,"153":0,"154":0,"155":0,"156":0,"157":0,"158":0,"159":0,"160":0,"161":0,"162":0,"163":0,"164":0,"165":0,"166":0,"167":0,"168":0,"169":0,"170":0,"171":0,"172":0,"173":0,"174":0,"175":0,"176":0,"177":0,"178":0,"179":0,"180":0,"181":0,"182":0,"183":0,"184":0,"185":0,"186":0,"187":0,"188":0,"189":0,"190":0,"191":0,"192":0,"193":0,"194":0,"195":0,"196":0,"197":0,"198":0,"199":0,"200":0,"201":0,"202":0,"203":0,"204":0,"205":0,"206":0},"f":{"0":0,"1":0,"2":0,"3":0,"4":0,"5":0,"6":0,"7":0,"8":0,"9":0},"b":{"0":[0,0],"1":[0,0],"2":[0,0],"3":[0,0],"4":[0,0],"5":[0,0],"6":[0,0],"7":[0,0],"8":[0,0],"9":[0,0],"10":[0,0],"11":[0,0],"12":[0,0],"13":[0,0],"14":[0,0],"15":[0,0],"16":[0,0],"17":[0,0],"18":[0,0],"19":[0,0],"20":[0,0],"21":[0,0],"22":[0,0],"23":[0,0],"24":[0,0],"25":[0,0],"26":[0,0],"27":[0,0],"28":[0,0],"29":[0,0],"30":[0,0],"31":[0,0]},"all":true},"/Users/leeshuchen/Desktop/cloud_native_27/backend/controllers/court_provider.js":{"path":"/Users/leeshuchen/Desktop/cloud_native_27/backend/controllers/court_provider.js","statementMap":{"0":{"start":{"line":31,"column":25},"end":{"line":48,"column":1}},"1":{"start":{"line":32,"column":4},"end":{"line":47,"column":5}},"2":{"start":{"line":33,"column":27},"end":{"line":33,"column":36}},"3":{"start":{"line":34,"column":29},"end":{"line":34,"column":59}},"4":{"start":{"line":35,"column":8},"end":{"line":37,"column":9}},"5":{"start":{"line":36,"column":12},"end":{"line":36,"column":64}},"6":{"start":{"line":39,"column":21},"end":{"line":41,"column":9}},"7":{"start":{"line":42,"column":23},"end":{"line":42,"column":49}},"8":{"start":{"line":43,"column":8},"end":{"line":43,"column":44}},"9":{"start":{"line":45,"column":8},"end":{"line":45,"column":25}},"10":{"start":{"line":46,"column":8},"end":{"line":46,"column":40}},"11":{"start":{"line":50,"column":34},"end":{"line":127,"column":1}},"12":{"start":{"line":51,"column":4},"end":{"line":125,"column":5}},"13":{"start":{"line":54,"column":28},"end":{"line":56,"column":9}},"14":{"start":{"line":57,"column":33},"end":{"line":57,"column":68}},"15":{"start":{"line":59,"column":8},"end":{"line":121,"column":9}},"16":{"start":{"line":61,"column":60},"end":{"line":61,"column":69}},"17":{"start":{"line":64,"column":12},"end":{"line":73,"column":13}},"18":{"start":{"line":65,"column":36},"end":{"line":65,"column":83}},"19":{"start":{"line":66,"column":46},"end":{"line":71,"column":17}},"20":{"start":{"line":67,"column":57},"end":{"line":70,"column":21}},"21":{"start":{"line":72,"column":16},"end":{"line":72,"column":67}},"22":{"start":{"line":75,"column":25},"end":{"line":80,"column":13}},"23":{"start":{"line":81,"column":31},"end":{"line":81,"column":69}},"24":{"start":{"line":86,"column":12},"end":{"line":88,"column":13}},"25":{"start":{"line":87,"column":16},"end":{"line":87,"column":48}},"26":{"start":{"line":91,"column":25},"end":{"line":91,"column":47}},"27":{"start":{"line":92,"column":26},"end":{"line":92,"column":28}},"28":{"start":{"line":93,"column":25},"end":{"line":93,"column":43}},"29":{"start":{"line":95,"column":39},"end":{"line":95,"column":78}},"30":{"start":{"line":95,"column":64},"end":{"line":95,"column":77}},"31":{"start":{"line":97,"column":12},"end":{"line":99,"column":13}},"32":{"start":{"line":98,"column":16},"end":{"line":98,"column":37}},"33":{"start":{"line":100,"column":44},"end":{"line":100,"column":90}},"34":{"start":{"line":103,"column":31},"end":{"line":103,"column":73}},"35":{"start":{"line":105,"column":36},"end":{"line":105,"column":98}},"36":{"start":{"line":106,"column":46},"end":{"line":111,"column":13}},"37":{"start":{"line":107,"column":57},"end":{"line":110,"column":17}},"38":{"start":{"line":113,"column":32},"end":{"line":116,"column":13}},"39":{"start":{"line":117,"column":12},"end":{"line":117,"column":53}},"40":{"start":{"line":120,"column":12},"end":{"line":120,"column":74}},"41":{"start":{"line":123,"column":8},"end":{"line":123,"column":25}},"42":{"start":{"line":124,"column":8},"end":{"line":124,"column":40}},"43":{"start":{"line":129,"column":51},"end":{"line":189,"column":1}},"44":{"start":{"line":130,"column":4},"end":{"line":187,"column":5}},"45":{"start":{"line":133,"column":28},"end":{"line":135,"column":9}},"46":{"start":{"line":136,"column":33},"end":{"line":136,"column":68}},"47":{"start":{"line":137,"column":8},"end":{"line":183,"column":9}},"48":{"start":{"line":139,"column":25},"end":{"line":139,"column":27}},"49":{"start":{"line":140,"column":12},"end":{"line":140,"column":53}},"50":{"start":{"line":141,"column":12},"end":{"line":141,"column":44}},"51":{"start":{"line":142,"column":12},"end":{"line":142,"column":70}},"52":{"start":{"line":143,"column":12},"end":{"line":143,"column":41}},"53":{"start":{"line":145,"column":33},"end":{"line":145,"column":58}},"54":{"start":{"line":146,"column":12},"end":{"line":180,"column":13}},"55":{"start":{"line":147,"column":35},"end":{"line":147,"column":70}},"56":{"start":{"line":148,"column":16},"end":{"line":150,"column":17}},"57":{"start":{"line":149,"column":20},"end":{"line":149,"column":52}},"58":{"start":{"line":152,"column":45},"end":{"line":152,"column":83}},"59":{"start":{"line":154,"column":16},"end":{"line":175,"column":17}},"60":{"start":{"line":155,"column":45},"end":{"line":160,"column":23}},"61":{"start":{"line":155,"column":79},"end":{"line":160,"column":21}},"62":{"start":{"line":161,"column":39},"end":{"line":161,"column":94}},"63":{"start":{"line":162,"column":50},"end":{"line":162,"column":99}},"64":{"start":{"line":164,"column":40},"end":{"line":168,"column":21}},"65":{"start":{"line":169,"column":20},"end":{"line":169,"column":61}},"66":{"start":{"line":174,"column":20},"end":{"line":174,"column":52}},"67":{"start":{"line":178,"column":32},"end":{"line":178,"column":69}},"68":{"start":{"line":179,"column":16},"end":{"line":179,"column":52}},"69":{"start":{"line":182,"column":12},"end":{"line":182,"column":74}},"70":{"start":{"line":185,"column":8},"end":{"line":185,"column":25}},"71":{"start":{"line":186,"column":8},"end":{"line":186,"column":40}},"72":{"start":{"line":191,"column":49},"end":{"line":250,"column":1}},"73":{"start":{"line":192,"column":4},"end":{"line":248,"column":5}},"74":{"start":{"line":193,"column":26},"end":{"line":195,"column":9}},"75":{"start":{"line":196,"column":33},"end":{"line":196,"column":68}},"76":{"start":{"line":197,"column":8},"end":{"line":244,"column":9}},"77":{"start":{"line":199,"column":44},"end":{"line":199,"column":53}},"78":{"start":{"line":200,"column":25},"end":{"line":200,"column":27}},"79":{"start":{"line":201,"column":12},"end":{"line":201,"column":32}},"80":{"start":{"line":202,"column":12},"end":{"line":202,"column":57}},"81":{"start":{"line":203,"column":12},"end":{"line":203,"column":40}},"82":{"start":{"line":204,"column":12},"end":{"line":204,"column":38}},"83":{"start":{"line":205,"column":12},"end":{"line":205,"column":41}},"84":{"start":{"line":206,"column":39},"end":{"line":206,"column":89}},"85":{"start":{"line":210,"column":12},"end":{"line":240,"column":13}},"86":{"start":{"line":211,"column":16},"end":{"line":211,"column":48}},"87":{"start":{"line":214,"column":29},"end":{"line":214,"column":51}},"88":{"start":{"line":215,"column":30},"end":{"line":215,"column":32}},"89":{"start":{"line":216,"column":29},"end":{"line":216,"column":47}},"90":{"start":{"line":218,"column":43},"end":{"line":218,"column":90}},"91":{"start":{"line":218,"column":76},"end":{"line":218,"column":89}},"92":{"start":{"line":220,"column":16},"end":{"line":222,"column":17}},"93":{"start":{"line":221,"column":20},"end":{"line":221,"column":41}},"94":{"start":{"line":223,"column":48},"end":{"line":223,"column":94}},"95":{"start":{"line":226,"column":35},"end":{"line":226,"column":77}},"96":{"start":{"line":227,"column":40},"end":{"line":227,"column":102}},"97":{"start":{"line":228,"column":50},"end":{"line":233,"column":17}},"98":{"start":{"line":229,"column":61},"end":{"line":232,"column":21}},"99":{"start":{"line":234,"column":36},"end":{"line":237,"column":17}},"100":{"start":{"line":239,"column":16},"end":{"line":239,"column":57}},"101":{"start":{"line":243,"column":12},"end":{"line":243,"column":74}},"102":{"start":{"line":246,"column":8},"end":{"line":246,"column":25}},"103":{"start":{"line":247,"column":8},"end":{"line":247,"column":40}},"104":{"start":{"line":252,"column":29},"end":{"line":333,"column":1}},"105":{"start":{"line":253,"column":4},"end":{"line":331,"column":5}},"106":{"start":{"line":256,"column":28},"end":{"line":258,"column":9}},"107":{"start":{"line":259,"column":33},"end":{"line":259,"column":68}},"108":{"start":{"line":260,"column":8},"end":{"line":327,"column":9}},"109":{"start":{"line":261,"column":30},"end":{"line":261,"column":32}},"110":{"start":{"line":262,"column":12},"end":{"line":262,"column":58}},"111":{"start":{"line":263,"column":12},"end":{"line":263,"column":46}},"112":{"start":{"line":264,"column":33},"end":{"line":264,"column":63}},"113":{"start":{"line":266,"column":12},"end":{"line":324,"column":13}},"114":{"start":{"line":270,"column":33},"end":{"line":270,"column":35}},"115":{"start":{"line":272,"column":16},"end":{"line":272,"column":46}},"116":{"start":{"line":274,"column":16},"end":{"line":314,"column":17}},"117":{"start":{"line":275,"column":20},"end":{"line":310,"column":21}},"118":{"start":{"line":275,"column":31},"end":{"line":275,"column":32}},"119":{"start":{"line":276,"column":24},"end":{"line":309,"column":25}},"120":{"start":{"line":277,"column":28},"end":{"line":277,"column":61}},"121":{"start":{"line":278,"column":47},"end":{"line":278,"column":76}},"122":{"start":{"line":279,"column":28},"end":{"line":279,"column":80}},"123":{"start":{"line":280,"column":31},"end":{"line":309,"column":25}},"124":{"start":{"line":281,"column":28},"end":{"line":281,"column":85}},"125":{"start":{"line":282,"column":28},"end":{"line":285,"column":29}},"126":{"start":{"line":287,"column":28},"end":{"line":289,"column":29}},"127":{"start":{"line":288,"column":32},"end":{"line":288,"column":99}},"128":{"start":{"line":291,"column":28},"end":{"line":308,"column":29}},"129":{"start":{"line":292,"column":32},"end":{"line":292,"column":105}},"130":{"start":{"line":293,"column":32},"end":{"line":293,"column":68}},"131":{"start":{"line":294,"column":32},"end":{"line":302,"column":33}},"132":{"start":{"line":297,"column":72},"end":{"line":297,"column":128}},"133":{"start":{"line":301,"column":69},"end":{"line":301,"column":132}},"134":{"start":{"line":313,"column":20},"end":{"line":313,"column":76}},"135":{"start":{"line":316,"column":31},"end":{"line":316,"column":67}},"136":{"start":{"line":318,"column":16},"end":{"line":318,"column":52}},"137":{"start":{"line":322,"column":32},"end":{"line":322,"column":69}},"138":{"start":{"line":323,"column":16},"end":{"line":323,"column":52}},"139":{"start":{"line":326,"column":12},"end":{"line":326,"column":74}},"140":{"start":{"line":329,"column":8},"end":{"line":329,"column":25}},"141":{"start":{"line":330,"column":8},"end":{"line":330,"column":40}},"142":{"start":{"line":335,"column":26},"end":{"line":387,"column":1}},"143":{"start":{"line":336,"column":4},"end":{"line":385,"column":5}},"144":{"start":{"line":339,"column":28},"end":{"line":341,"column":9}},"145":{"start":{"line":342,"column":33},"end":{"line":342,"column":68}},"146":{"start":{"line":343,"column":8},"end":{"line":381,"column":9}},"147":{"start":{"line":346,"column":12},"end":{"line":377,"column":13}},"148":{"start":{"line":347,"column":16},"end":{"line":353,"column":17}},"149":{"start":{"line":347,"column":27},"end":{"line":347,"column":28}},"150":{"start":{"line":348,"column":20},"end":{"line":352,"column":21}},"151":{"start":{"line":349,"column":24},"end":{"line":349,"column":57}},"152":{"start":{"line":350,"column":27},"end":{"line":352,"column":21}},"153":{"start":{"line":351,"column":24},"end":{"line":351,"column":80}},"154":{"start":{"line":355,"column":16},"end":{"line":374,"column":17}},"155":{"start":{"line":357,"column":39},"end":{"line":357,"column":68}},"156":{"start":{"line":358,"column":20},"end":{"line":358,"column":55}},"157":{"start":{"line":359,"column":20},"end":{"line":359,"column":72}},"158":{"start":{"line":360,"column":20},"end":{"line":360,"column":87}},"159":{"start":{"line":361,"column":43},"end":{"line":361,"column":99}},"160":{"start":{"line":362,"column":20},"end":{"line":362,"column":56}},"161":{"start":{"line":363,"column":48},"end":{"line":363,"column":81}},"162":{"start":{"line":366,"column":37},"end":{"line":366,"column":68}},"163":{"start":{"line":367,"column":53},"end":{"line":367,"column":103}},"164":{"start":{"line":369,"column":20},"end":{"line":369,"column":56}},"165":{"start":{"line":372,"column":20},"end":{"line":372,"column":38}},"166":{"start":{"line":373,"column":20},"end":{"line":373,"column":75}},"167":{"start":{"line":376,"column":16},"end":{"line":376,"column":72}},"168":{"start":{"line":380,"column":12},"end":{"line":380,"column":74}},"169":{"start":{"line":383,"column":8},"end":{"line":383,"column":25}},"170":{"start":{"line":384,"column":8},"end":{"line":384,"column":40}},"171":{"start":{"line":389,"column":32},"end":{"line":422,"column":1}},"172":{"start":{"line":390,"column":4},"end":{"line":420,"column":5}},"173":{"start":{"line":393,"column":28},"end":{"line":395,"column":9}},"174":{"start":{"line":396,"column":33},"end":{"line":396,"column":68}},"175":{"start":{"line":397,"column":8},"end":{"line":416,"column":9}},"176":{"start":{"line":399,"column":12},"end":{"line":399,"column":57}},"177":{"start":{"line":400,"column":12},"end":{"line":400,"column":45}},"178":{"start":{"line":401,"column":33},"end":{"line":401,"column":62}},"179":{"start":{"line":403,"column":12},"end":{"line":412,"column":13}},"180":{"start":{"line":405,"column":31},"end":{"line":405,"column":68}},"181":{"start":{"line":406,"column":16},"end":{"line":406,"column":52}},"182":{"start":{"line":410,"column":32},"end":{"line":410,"column":69}},"183":{"start":{"line":411,"column":16},"end":{"line":411,"column":52}},"184":{"start":{"line":415,"column":12},"end":{"line":415,"column":74}},"185":{"start":{"line":418,"column":8},"end":{"line":418,"column":25}},"186":{"start":{"line":419,"column":8},"end":{"line":419,"column":40}}},"fnMap":{"0":{"name":"(anonymous_0)","decl":{"start":{"line":31,"column":25},"end":{"line":31,"column":26}},"loc":{"start":{"line":31,"column":43},"end":{"line":48,"column":1}},"line":31},"1":{"name":"(anonymous_1)","decl":{"start":{"line":50,"column":34},"end":{"line":50,"column":35}},"loc":{"start":{"line":50,"column":52},"end":{"line":127,"column":1}},"line":50},"2":{"name":"(anonymous_2)","decl":{"start":{"line":67,"column":36},"end":{"line":67,"column":37}},"loc":{"start":{"line":67,"column":57},"end":{"line":70,"column":21}},"line":67},"3":{"name":"(anonymous_3)","decl":{"start":{"line":95,"column":54},"end":{"line":95,"column":55}},"loc":{"start":{"line":95,"column":64},"end":{"line":95,"column":77}},"line":95},"4":{"name":"(anonymous_4)","decl":{"start":{"line":107,"column":36},"end":{"line":107,"column":37}},"loc":{"start":{"line":107,"column":57},"end":{"line":110,"column":17}},"line":107},"5":{"name":"(anonymous_5)","decl":{"start":{"line":129,"column":51},"end":{"line":129,"column":52}},"loc":{"start":{"line":129,"column":69},"end":{"line":189,"column":1}},"line":129},"6":{"name":"(anonymous_6)","decl":{"start":{"line":155,"column":70},"end":{"line":155,"column":71}},"loc":{"start":{"line":155,"column":79},"end":{"line":160,"column":21}},"line":155},"7":{"name":"(anonymous_7)","decl":{"start":{"line":191,"column":49},"end":{"line":191,"column":50}},"loc":{"start":{"line":191,"column":67},"end":{"line":250,"column":1}},"line":191},"8":{"name":"(anonymous_8)","decl":{"start":{"line":218,"column":66},"end":{"line":218,"column":67}},"loc":{"start":{"line":218,"column":76},"end":{"line":218,"column":89}},"line":218},"9":{"name":"(anonymous_9)","decl":{"start":{"line":229,"column":40},"end":{"line":229,"column":41}},"loc":{"start":{"line":229,"column":61},"end":{"line":232,"column":21}},"line":229},"10":{"name":"(anonymous_10)","decl":{"start":{"line":252,"column":29},"end":{"line":252,"column":30}},"loc":{"start":{"line":252,"column":47},"end":{"line":333,"column":1}},"line":252},"11":{"name":"(anonymous_11)","decl":{"start":{"line":335,"column":26},"end":{"line":335,"column":27}},"loc":{"start":{"line":335,"column":44},"end":{"line":387,"column":1}},"line":335},"12":{"name":"(anonymous_12)","decl":{"start":{"line":389,"column":32},"end":{"line":389,"column":33}},"loc":{"start":{"line":389,"column":50},"end":{"line":422,"column":1}},"line":389}},"branchMap":{"0":{"loc":{"start":{"line":35,"column":8},"end":{"line":37,"column":9}},"type":"if","locations":[{"start":{"line":35,"column":8},"end":{"line":37,"column":9}},{"start":{"line":35,"column":8},"end":{"line":37,"column":9}}],"line":35},"1":{"loc":{"start":{"line":59,"column":8},"end":{"line":121,"column":9}},"type":"if","locations":[{"start":{"line":59,"column":8},"end":{"line":121,"column":9}},{"start":{"line":59,"column":8},"end":{"line":121,"column":9}}],"line":59},"2":{"loc":{"start":{"line":64,"column":12},"end":{"line":73,"column":13}},"type":"if","locations":[{"start":{"line":64,"column":12},"end":{"line":73,"column":13}},{"start":{"line":64,"column":12},"end":{"line":73,"column":13}}],"line":64},"3":{"loc":{"start":{"line":86,"column":12},"end":{"line":88,"column":13}},"type":"if","locations":[{"start":{"line":86,"column":12},"end":{"line":88,"column":13}},{"start":{"line":86,"column":12},"end":{"line":88,"column":13}}],"line":86},"4":{"loc":{"start":{"line":91,"column":25},"end":{"line":91,"column":47}},"type":"binary-expr","locations":[{"start":{"line":91,"column":25},"end":{"line":91,"column":42}},{"start":{"line":91,"column":46},"end":{"line":91,"column":47}}],"line":91},"5":{"loc":{"start":{"line":97,"column":12},"end":{"line":99,"column":13}},"type":"if","locations":[{"start":{"line":97,"column":12},"end":{"line":99,"column":13}},{"start":{"line":97,"column":12},"end":{"line":99,"column":13}}],"line":97},"6":{"loc":{"start":{"line":137,"column":8},"end":{"line":183,"column":9}},"type":"if","locations":[{"start":{"line":137,"column":8},"end":{"line":183,"column":9}},{"start":{"line":137,"column":8},"end":{"line":183,"column":9}}],"line":137},"7":{"loc":{"start":{"line":146,"column":12},"end":{"line":180,"column":13}},"type":"if","locations":[{"start":{"line":146,"column":12},"end":{"line":180,"column":13}},{"start":{"line":146,"column":12},"end":{"line":180,"column":13}}],"line":146},"8":{"loc":{"start":{"line":148,"column":16},"end":{"line":150,"column":17}},"type":"if","locations":[{"start":{"line":148,"column":16},"end":{"line":150,"column":17}},{"start":{"line":148,"column":16},"end":{"line":150,"column":17}}],"line":148},"9":{"loc":{"start":{"line":154,"column":16},"end":{"line":175,"column":17}},"type":"if","locations":[{"start":{"line":154,"column":16},"end":{"line":175,"column":17}},{"start":{"line":154,"column":16},"end":{"line":175,"column":17}}],"line":154},"10":{"loc":{"start":{"line":197,"column":8},"end":{"line":244,"column":9}},"type":"if","locations":[{"start":{"line":197,"column":8},"end":{"line":244,"column":9}},{"start":{"line":197,"column":8},"end":{"line":244,"column":9}}],"line":197},"11":{"loc":{"start":{"line":210,"column":12},"end":{"line":240,"column":13}},"type":"if","locations":[{"start":{"line":210,"column":12},"end":{"line":240,"column":13}},{"start":{"line":210,"column":12},"end":{"line":240,"column":13}}],"line":210},"12":{"loc":{"start":{"line":214,"column":29},"end":{"line":214,"column":51}},"type":"binary-expr","locations":[{"start":{"line":214,"column":29},"end":{"line":214,"column":46}},{"start":{"line":214,"column":50},"end":{"line":214,"column":51}}],"line":214},"13":{"loc":{"start":{"line":220,"column":16},"end":{"line":222,"column":17}},"type":"if","locations":[{"start":{"line":220,"column":16},"end":{"line":222,"column":17}},{"start":{"line":220,"column":16},"end":{"line":222,"column":17}}],"line":220},"14":{"loc":{"start":{"line":260,"column":8},"end":{"line":327,"column":9}},"type":"if","locations":[{"start":{"line":260,"column":8},"end":{"line":327,"column":9}},{"start":{"line":260,"column":8},"end":{"line":327,"column":9}}],"line":260},"15":{"loc":{"start":{"line":266,"column":12},"end":{"line":324,"column":13}},"type":"if","locations":[{"start":{"line":266,"column":12},"end":{"line":324,"column":13}},{"start":{"line":266,"column":12},"end":{"line":324,"column":13}}],"line":266},"16":{"loc":{"start":{"line":274,"column":16},"end":{"line":314,"column":17}},"type":"if","locations":[{"start":{"line":274,"column":16},"end":{"line":314,"column":17}},{"start":{"line":274,"column":16},"end":{"line":314,"column":17}}],"line":274},"17":{"loc":{"start":{"line":276,"column":24},"end":{"line":309,"column":25}},"type":"if","locations":[{"start":{"line":276,"column":24},"end":{"line":309,"column":25}},{"start":{"line":276,"column":24},"end":{"line":309,"column":25}}],"line":276},"18":{"loc":{"start":{"line":280,"column":31},"end":{"line":309,"column":25}},"type":"if","locations":[{"start":{"line":280,"column":31},"end":{"line":309,"column":25}},{"start":{"line":280,"column":31},"end":{"line":309,"column":25}}],"line":280},"19":{"loc":{"start":{"line":287,"column":28},"end":{"line":289,"column":29}},"type":"if","locations":[{"start":{"line":287,"column":28},"end":{"line":289,"column":29}},{"start":{"line":287,"column":28},"end":{"line":289,"column":29}}],"line":287},"20":{"loc":{"start":{"line":291,"column":28},"end":{"line":308,"column":29}},"type":"if","locations":[{"start":{"line":291,"column":28},"end":{"line":308,"column":29}},{"start":{"line":291,"column":28},"end":{"line":308,"column":29}}],"line":291},"21":{"loc":{"start":{"line":343,"column":8},"end":{"line":381,"column":9}},"type":"if","locations":[{"start":{"line":343,"column":8},"end":{"line":381,"column":9}},{"start":{"line":343,"column":8},"end":{"line":381,"column":9}}],"line":343},"22":{"loc":{"start":{"line":346,"column":12},"end":{"line":377,"column":13}},"type":"if","locations":[{"start":{"line":346,"column":12},"end":{"line":377,"column":13}},{"start":{"line":346,"column":12},"end":{"line":377,"column":13}}],"line":346},"23":{"loc":{"start":{"line":348,"column":20},"end":{"line":352,"column":21}},"type":"if","locations":[{"start":{"line":348,"column":20},"end":{"line":352,"column":21}},{"start":{"line":348,"column":20},"end":{"line":352,"column":21}}],"line":348},"24":{"loc":{"start":{"line":350,"column":27},"end":{"line":352,"column":21}},"type":"if","locations":[{"start":{"line":350,"column":27},"end":{"line":352,"column":21}},{"start":{"line":350,"column":27},"end":{"line":352,"column":21}}],"line":350},"25":{"loc":{"start":{"line":397,"column":8},"end":{"line":416,"column":9}},"type":"if","locations":[{"start":{"line":397,"column":8},"end":{"line":416,"column":9}},{"start":{"line":397,"column":8},"end":{"line":416,"column":9}}],"line":397},"26":{"loc":{"start":{"line":403,"column":12},"end":{"line":412,"column":13}},"type":"if","locations":[{"start":{"line":403,"column":12},"end":{"line":412,"column":13}},{"start":{"line":403,"column":12},"end":{"line":412,"column":13}}],"line":403}},"s":{"0":0,"1":0,"2":0,"3":0,"4":0,"5":0,"6":0,"7":0,"8":0,"9":0,"10":0,"11":0,"12":0,"13":0,"14":0,"15":0,"16":0,"17":0,"18":0,"19":0,"20":0,"21":0,"22":0,"23":0,"24":0,"25":0,"26":0,"27":0,"28":0,"29":0,"30":0,"31":0,"32":0,"33":0,"34":0,"35":0,"36":0,"37":0,"38":0,"39":0,"40":0,"41":0,"42":0,"43":0,"44":0,"45":0,"46":0,"47":0,"48":0,"49":0,"50":0,"51":0,"52":0,"53":0,"54":0,"55":0,"56":0,"57":0,"58":0,"59":0,"60":0,"61":0,"62":0,"63":0,"64":0,"65":0,"66":0,"67":0,"68":0,"69":0,"70":0,"71":0,"72":0,"73":0,"74":0,"75":0,"76":0,"77":0,"78":0,"79":0,"80":0,"81":0,"82":0,"83":0,"84":0,"85":0,"86":0,"87":0,"88":0,"89":0,"90":0,"91":0,"92":0,"93":0,"94":0,"95":0,"96":0,"97":0,"98":0,"99":0,"100":0,"101":0,"102":0,"103":0,"104":0,"105":0,"106":0,"107":0,"108":0,"109":0,"110":0,"111":0,"112":0,"113":0,"114":0,"115":0,"116":0,"117":0,"118":0,"119":0,"120":0,"121":0,"122":0,"123":0,"124":0,"125":0,"126":0,"127":0,"128":0,"129":0,"130":0,"131":0,"132":0,"133":0,"134":0,"135":0,"136":0,"137":0,"138":0,"139":0,"140":0,"141":0,"142":0,"143":0,"144":0,"145":0,"146":0,"147":0,"148":0,"149":0,"150":0,"151":0,"152":0,"153":0,"154":0,"155":0,"156":0,"157":0,"158":0,"159":0,"160":0,"161":0,"162":0,"163":0,"164":0,"165":0,"166":0,"167":0,"168":0,"169":0,"170":0,"171":0,"172":0,"173":0,"174":0,"175":0,"176":0,"177":0,"178":0,"179":0,"180":0,"181":0,"182":0,"183":0,"184":0,"185":0,"186":0},"f":{"0":0,"1":0,"2":0,"3":0,"4":0,"5":0,"6":0,"7":0,"8":0,"9":0,"10":0,"11":0,"12":0},"b":{"0":[0,0],"1":[0,0],"2":[0,0],"3":[0,0],"4":[0,0],"5":[0,0],"6":[0,0],"7":[0,0],"8":[0,0],"9":[0,0],"10":[0,0],"11":[0,0],"12":[0,0],"13":[0,0],"14":[0,0],"15":[0,0],"16":[0,0],"17":[0,0],"18":[0,0],"19":[0,0],"20":[0,0],"21":[0,0],"22":[0,0],"23":[0,0],"24":[0,0],"25":[0,0],"26":[0,0]},"all":true},"/Users/leeshuchen/Desktop/cloud_native_27/backend/controllers/user.js":{"path":"/Users/leeshuchen/Desktop/cloud_native_27/backend/controllers/user.js","statementMap":{"0":{"start":{"line":49,"column":24},"end":{"line":58,"column":1}},"1":{"start":{"line":50,"column":4},"end":{"line":57,"column":5}},"2":{"start":{"line":51,"column":23},"end":{"line":51,"column":44}},"3":{"start":{"line":53,"column":8},"end":{"line":53,"column":43}},"4":{"start":{"line":55,"column":8},"end":{"line":55,"column":25}},"5":{"start":{"line":56,"column":8},"end":{"line":56,"column":40}},"6":{"start":{"line":60,"column":28},"end":{"line":73,"column":1}},"7":{"start":{"line":61,"column":4},"end":{"line":72,"column":5}},"8":{"start":{"line":62,"column":27},"end":{"line":62,"column":36}},"9":{"start":{"line":63,"column":29},"end":{"line":63,"column":59}},"10":{"start":{"line":64,"column":8},"end":{"line":66,"column":9}},"11":{"start":{"line":65,"column":12},"end":{"line":65,"column":64}},"12":{"start":{"line":67,"column":23},"end":{"line":67,"column":58}},"13":{"start":{"line":68,"column":8},"end":{"line":68,"column":43}},"14":{"start":{"line":70,"column":8},"end":{"line":70,"column":25}},"15":{"start":{"line":71,"column":8},"end":{"line":71,"column":40}},"16":{"start":{"line":75,"column":25},"end":{"line":106,"column":1}},"17":{"start":{"line":76,"column":4},"end":{"line":104,"column":5}},"18":{"start":{"line":77,"column":42},"end":{"line":77,"column":50}},"19":{"start":{"line":79,"column":33},"end":{"line":79,"column":62}},"20":{"start":{"line":80,"column":32},"end":{"line":80,"column":59}},"21":{"start":{"line":82,"column":8},"end":{"line":100,"column":9}},"22":{"start":{"line":84,"column":12},"end":{"line":84,"column":54}},"23":{"start":{"line":85,"column":15},"end":{"line":100,"column":9}},"24":{"start":{"line":87,"column":12},"end":{"line":87,"column":49}},"25":{"start":{"line":88,"column":15},"end":{"line":100,"column":9}},"26":{"start":{"line":90,"column":12},"end":{"line":90,"column":51}},"27":{"start":{"line":94,"column":36},"end":{"line":94,"column":64}},"28":{"start":{"line":95,"column":12},"end":{"line":95,"column":51}},"29":{"start":{"line":97,"column":12},"end":{"line":97,"column":50}},"30":{"start":{"line":98,"column":27},"end":{"line":98,"column":65}},"31":{"start":{"line":99,"column":12},"end":{"line":99,"column":47}},"32":{"start":{"line":102,"column":8},"end":{"line":102,"column":25}},"33":{"start":{"line":103,"column":8},"end":{"line":103,"column":40}},"34":{"start":{"line":108,"column":24},"end":{"line":121,"column":1}},"35":{"start":{"line":109,"column":4},"end":{"line":120,"column":5}},"36":{"start":{"line":110,"column":8},"end":{"line":110,"column":40}},"37":{"start":{"line":111,"column":29},"end":{"line":111,"column":58}},"38":{"start":{"line":112,"column":8},"end":{"line":114,"column":9}},"39":{"start":{"line":113,"column":12},"end":{"line":113,"column":64}},"40":{"start":{"line":115,"column":23},"end":{"line":115,"column":52}},"41":{"start":{"line":116,"column":8},"end":{"line":116,"column":44}},"42":{"start":{"line":118,"column":8},"end":{"line":118,"column":25}},"43":{"start":{"line":119,"column":8},"end":{"line":119,"column":40}},"44":{"start":{"line":123,"column":30},"end":{"line":149,"column":1}},"45":{"start":{"line":124,"column":4},"end":{"line":147,"column":5}},"46":{"start":{"line":125,"column":35},"end":{"line":125,"column":43}},"47":{"start":{"line":126,"column":33},"end":{"line":126,"column":61}},"48":{"start":{"line":127,"column":8},"end":{"line":143,"column":9}},"49":{"start":{"line":128,"column":27},"end":{"line":128,"column":58}},"50":{"start":{"line":129,"column":42},"end":{"line":129,"column":60}},"51":{"start":{"line":130,"column":35},"end":{"line":130,"column":89}},"52":{"start":{"line":131,"column":12},"end":{"line":140,"column":13}},"53":{"start":{"line":133,"column":37},"end":{"line":136,"column":17}},"54":{"start":{"line":137,"column":16},"end":{"line":137,"column":58}},"55":{"start":{"line":139,"column":16},"end":{"line":139,"column":52}},"56":{"start":{"line":142,"column":12},"end":{"line":142,"column":50}},"57":{"start":{"line":145,"column":8},"end":{"line":145,"column":25}},"58":{"start":{"line":146,"column":8},"end":{"line":146,"column":40}},"59":{"start":{"line":151,"column":42},"end":{"line":173,"column":1}},"60":{"start":{"line":152,"column":4},"end":{"line":170,"column":5}},"61":{"start":{"line":153,"column":27},"end":{"line":153,"column":36}},"62":{"start":{"line":154,"column":29},"end":{"line":154,"column":59}},"63":{"start":{"line":155,"column":8},"end":{"line":157,"column":9}},"64":{"start":{"line":156,"column":12},"end":{"line":156,"column":64}},"65":{"start":{"line":158,"column":23},"end":{"line":158,"column":67}},"66":{"start":{"line":159,"column":8},"end":{"line":166,"column":9}},"67":{"start":{"line":160,"column":12},"end":{"line":160,"column":44}},"68":{"start":{"line":162,"column":32},"end":{"line":162,"column":71}},"69":{"start":{"line":162,"column":51},"end":{"line":162,"column":70}},"70":{"start":{"line":163,"column":32},"end":{"line":163,"column":84}},"71":{"start":{"line":165,"column":12},"end":{"line":165,"column":53}},"72":{"start":{"line":168,"column":8},"end":{"line":168,"column":25}},"73":{"start":{"line":169,"column":8},"end":{"line":169,"column":40}},"74":{"start":{"line":175,"column":36},"end":{"line":220,"column":1}},"75":{"start":{"line":176,"column":4},"end":{"line":219,"column":5}},"76":{"start":{"line":177,"column":24},"end":{"line":177,"column":33}},"77":{"start":{"line":178,"column":29},"end":{"line":178,"column":56}},"78":{"start":{"line":179,"column":8},"end":{"line":181,"column":9}},"79":{"start":{"line":180,"column":12},"end":{"line":180,"column":64}},"80":{"start":{"line":182,"column":68},"end":{"line":182,"column":76}},"81":{"start":{"line":184,"column":8},"end":{"line":192,"column":9}},"82":{"start":{"line":185,"column":12},"end":{"line":185,"column":53}},"83":{"start":{"line":187,"column":15},"end":{"line":192,"column":9}},"84":{"start":{"line":188,"column":12},"end":{"line":188,"column":53}},"85":{"start":{"line":190,"column":15},"end":{"line":192,"column":9}},"86":{"start":{"line":191,"column":12},"end":{"line":191,"column":51}},"87":{"start":{"line":195,"column":27},"end":{"line":199,"column":10}},"88":{"start":{"line":202,"column":25},"end":{"line":205,"column":9}},"89":{"start":{"line":206,"column":27},"end":{"line":206,"column":62}},"90":{"start":{"line":208,"column":24},"end":{"line":213,"column":9}},"91":{"start":{"line":214,"column":26},"end":{"line":214,"column":64}},"92":{"start":{"line":215,"column":8},"end":{"line":215,"column":38}},"93":{"start":{"line":218,"column":8},"end":{"line":218,"column":37}},"94":{"start":{"line":222,"column":35},"end":{"line":326,"column":1}},"95":{"start":{"line":223,"column":4},"end":{"line":324,"column":5}},"96":{"start":{"line":224,"column":29},"end":{"line":224,"column":58}},"97":{"start":{"line":225,"column":8},"end":{"line":227,"column":9}},"98":{"start":{"line":226,"column":12},"end":{"line":226,"column":64}},"99":{"start":{"line":229,"column":44},"end":{"line":229,"column":53}},"100":{"start":{"line":230,"column":8},"end":{"line":230,"column":50}},"101":{"start":{"line":232,"column":21},"end":{"line":232,"column":43}},"102":{"start":{"line":233,"column":22},"end":{"line":233,"column":24}},"103":{"start":{"line":234,"column":21},"end":{"line":234,"column":39}},"104":{"start":{"line":237,"column":27},"end":{"line":237,"column":65}},"105":{"start":{"line":239,"column":32},"end":{"line":239,"column":71}},"106":{"start":{"line":239,"column":57},"end":{"line":239,"column":70}},"107":{"start":{"line":241,"column":8},"end":{"line":243,"column":9}},"108":{"start":{"line":242,"column":12},"end":{"line":242,"column":43}},"109":{"start":{"line":246,"column":28},"end":{"line":246,"column":85}},"110":{"start":{"line":247,"column":29},"end":{"line":247,"column":77}},"111":{"start":{"line":249,"column":47},"end":{"line":249,"column":56}},"112":{"start":{"line":250,"column":8},"end":{"line":256,"column":9}},"113":{"start":{"line":250,"column":21},"end":{"line":250,"column":22}},"114":{"start":{"line":252,"column":12},"end":{"line":252,"column":75}},"115":{"start":{"line":253,"column":12},"end":{"line":255,"column":13}},"116":{"start":{"line":254,"column":16},"end":{"line":254,"column":86}},"117":{"start":{"line":259,"column":8},"end":{"line":320,"column":9}},"118":{"start":{"line":261,"column":50},"end":{"line":261,"column":85}},"119":{"start":{"line":262,"column":42},"end":{"line":262,"column":112}},"120":{"start":{"line":263,"column":46},"end":{"line":263,"column":96}},"121":{"start":{"line":263,"column":82},"end":{"line":263,"column":95}},"122":{"start":{"line":265,"column":45},"end":{"line":267,"column":14}},"123":{"start":{"line":266,"column":16},"end":{"line":266,"column":65}},"124":{"start":{"line":270,"column":12},"end":{"line":272,"column":13}},"125":{"start":{"line":271,"column":16},"end":{"line":271,"column":47}},"126":{"start":{"line":276,"column":12},"end":{"line":278,"column":13}},"127":{"start":{"line":277,"column":16},"end":{"line":277,"column":37}},"128":{"start":{"line":279,"column":50},"end":{"line":279,"column":102}},"129":{"start":{"line":280,"column":37},"end":{"line":280,"column":105}},"130":{"start":{"line":281,"column":47},"end":{"line":286,"column":13}},"131":{"start":{"line":282,"column":58},"end":{"line":285,"column":17}},"132":{"start":{"line":288,"column":31},"end":{"line":288,"column":79}},"133":{"start":{"line":289,"column":32},"end":{"line":292,"column":13}},"134":{"start":{"line":293,"column":12},"end":{"line":293,"column":53}},"135":{"start":{"line":300,"column":12},"end":{"line":302,"column":13}},"136":{"start":{"line":301,"column":16},"end":{"line":301,"column":37}},"137":{"start":{"line":303,"column":41},"end":{"line":303,"column":84}},"138":{"start":{"line":305,"column":27},"end":{"line":305,"column":86}},"139":{"start":{"line":306,"column":43},"end":{"line":311,"column":13}},"140":{"start":{"line":307,"column":48},"end":{"line":310,"column":17}},"141":{"start":{"line":314,"column":31},"end":{"line":314,"column":70}},"142":{"start":{"line":315,"column":32},"end":{"line":318,"column":13}},"143":{"start":{"line":319,"column":12},"end":{"line":319,"column":53}},"144":{"start":{"line":322,"column":8},"end":{"line":322,"column":25}},"145":{"start":{"line":323,"column":8},"end":{"line":323,"column":40}},"146":{"start":{"line":328,"column":41},"end":{"line":374,"column":1}},"147":{"start":{"line":329,"column":4},"end":{"line":372,"column":5}},"148":{"start":{"line":330,"column":29},"end":{"line":330,"column":58}},"149":{"start":{"line":331,"column":8},"end":{"line":333,"column":9}},"150":{"start":{"line":332,"column":12},"end":{"line":332,"column":64}},"151":{"start":{"line":335,"column":39},"end":{"line":335,"column":48}},"152":{"start":{"line":336,"column":8},"end":{"line":336,"column":50}},"153":{"start":{"line":338,"column":21},"end":{"line":338,"column":23}},"154":{"start":{"line":339,"column":8},"end":{"line":339,"column":36}},"155":{"start":{"line":340,"column":8},"end":{"line":340,"column":48}},"156":{"start":{"line":341,"column":8},"end":{"line":341,"column":61}},"157":{"start":{"line":343,"column":34},"end":{"line":343,"column":83}},"158":{"start":{"line":344,"column":44},"end":{"line":349,"column":9}},"159":{"start":{"line":345,"column":55},"end":{"line":348,"column":13}},"160":{"start":{"line":352,"column":37},"end":{"line":352,"column":75}},"161":{"start":{"line":354,"column":8},"end":{"line":366,"column":9}},"162":{"start":{"line":355,"column":37},"end":{"line":359,"column":15}},"163":{"start":{"line":355,"column":71},"end":{"line":359,"column":13}},"164":{"start":{"line":361,"column":12},"end":{"line":361,"column":82}},"165":{"start":{"line":365,"column":12},"end":{"line":365,"column":68}},"166":{"start":{"line":368,"column":8},"end":{"line":368,"column":65}},"167":{"start":{"line":370,"column":8},"end":{"line":370,"column":25}},"168":{"start":{"line":371,"column":8},"end":{"line":371,"column":40}},"169":{"start":{"line":376,"column":39},"end":{"line":442,"column":1}},"170":{"start":{"line":377,"column":4},"end":{"line":440,"column":5}},"171":{"start":{"line":378,"column":29},"end":{"line":378,"column":58}},"172":{"start":{"line":379,"column":8},"end":{"line":381,"column":9}},"173":{"start":{"line":380,"column":12},"end":{"line":380,"column":64}},"174":{"start":{"line":383,"column":58},"end":{"line":383,"column":67}},"175":{"start":{"line":384,"column":8},"end":{"line":384,"column":50}},"176":{"start":{"line":386,"column":21},"end":{"line":386,"column":43}},"177":{"start":{"line":387,"column":22},"end":{"line":387,"column":24}},"178":{"start":{"line":388,"column":21},"end":{"line":388,"column":39}},"179":{"start":{"line":391,"column":26},"end":{"line":391,"column":28}},"180":{"start":{"line":392,"column":8},"end":{"line":394,"column":9}},"181":{"start":{"line":393,"column":12},"end":{"line":393,"column":49}},"182":{"start":{"line":395,"column":8},"end":{"line":397,"column":9}},"183":{"start":{"line":396,"column":12},"end":{"line":396,"column":62}},"184":{"start":{"line":398,"column":8},"end":{"line":400,"column":9}},"185":{"start":{"line":399,"column":12},"end":{"line":399,"column":81}},"186":{"start":{"line":401,"column":29},"end":{"line":401,"column":77}},"187":{"start":{"line":403,"column":44},"end":{"line":403,"column":53}},"188":{"start":{"line":404,"column":8},"end":{"line":413,"column":9}},"189":{"start":{"line":404,"column":21},"end":{"line":404,"column":22}},"190":{"start":{"line":406,"column":12},"end":{"line":406,"column":75}},"191":{"start":{"line":407,"column":12},"end":{"line":412,"column":13}},"192":{"start":{"line":409,"column":16},"end":{"line":411,"column":17}},"193":{"start":{"line":410,"column":20},"end":{"line":410,"column":87}},"194":{"start":{"line":415,"column":8},"end":{"line":436,"column":9}},"195":{"start":{"line":417,"column":47},"end":{"line":417,"column":79}},"196":{"start":{"line":419,"column":12},"end":{"line":421,"column":13}},"197":{"start":{"line":420,"column":16},"end":{"line":420,"column":37}},"198":{"start":{"line":422,"column":54},"end":{"line":422,"column":110}},"199":{"start":{"line":424,"column":31},"end":{"line":424,"column":83}},"200":{"start":{"line":425,"column":41},"end":{"line":425,"column":115}},"201":{"start":{"line":427,"column":32},"end":{"line":430,"column":13}},"202":{"start":{"line":431,"column":12},"end":{"line":431,"column":53}},"203":{"start":{"line":435,"column":12},"end":{"line":435,"column":44}},"204":{"start":{"line":438,"column":8},"end":{"line":438,"column":25}},"205":{"start":{"line":439,"column":8},"end":{"line":439,"column":40}},"206":{"start":{"line":445,"column":40},"end":{"line":486,"column":1}},"207":{"start":{"line":446,"column":4},"end":{"line":485,"column":5}},"208":{"start":{"line":447,"column":24},"end":{"line":447,"column":33}},"209":{"start":{"line":448,"column":29},"end":{"line":448,"column":56}},"210":{"start":{"line":449,"column":8},"end":{"line":451,"column":9}},"211":{"start":{"line":450,"column":12},"end":{"line":450,"column":64}},"212":{"start":{"line":453,"column":35},"end":{"line":453,"column":43}},"213":{"start":{"line":454,"column":33},"end":{"line":454,"column":80}},"214":{"start":{"line":457,"column":8},"end":{"line":481,"column":9}},"215":{"start":{"line":458,"column":33},"end":{"line":458,"column":41}},"216":{"start":{"line":459,"column":12},"end":{"line":470,"column":13}},"217":{"start":{"line":460,"column":16},"end":{"line":460,"column":51}},"218":{"start":{"line":462,"column":33},"end":{"line":465,"column":17}},"219":{"start":{"line":466,"column":35},"end":{"line":466,"column":70}},"220":{"start":{"line":468,"column":35},"end":{"line":468,"column":75}},"221":{"start":{"line":469,"column":16},"end":{"line":469,"column":46}},"222":{"start":{"line":473,"column":29},"end":{"line":476,"column":13}},"223":{"start":{"line":477,"column":31},"end":{"line":477,"column":66}},"224":{"start":{"line":479,"column":31},"end":{"line":479,"column":71}},"225":{"start":{"line":480,"column":12},"end":{"line":480,"column":42}},"226":{"start":{"line":483,"column":8},"end":{"line":483,"column":25}},"227":{"start":{"line":484,"column":8},"end":{"line":484,"column":40}},"228":{"start":{"line":488,"column":45},"end":{"line":502,"column":1}},"229":{"start":{"line":489,"column":4},"end":{"line":500,"column":5}},"230":{"start":{"line":490,"column":29},"end":{"line":490,"column":58}},"231":{"start":{"line":491,"column":8},"end":{"line":493,"column":9}},"232":{"start":{"line":492,"column":12},"end":{"line":492,"column":64}},"233":{"start":{"line":494,"column":35},"end":{"line":494,"column":44}},"234":{"start":{"line":495,"column":37},"end":{"line":495,"column":92}},"235":{"start":{"line":496,"column":8},"end":{"line":496,"column":58}},"236":{"start":{"line":498,"column":8},"end":{"line":498,"column":25}},"237":{"start":{"line":499,"column":8},"end":{"line":499,"column":40}},"238":{"start":{"line":504,"column":33},"end":{"line":537,"column":1}},"239":{"start":{"line":505,"column":4},"end":{"line":536,"column":5}},"240":{"start":{"line":506,"column":25},"end":{"line":506,"column":47}},"241":{"start":{"line":508,"column":32},"end":{"line":508,"column":56}},"242":{"start":{"line":510,"column":34},"end":{"line":510,"column":59}},"243":{"start":{"line":512,"column":37},"end":{"line":512,"column":88}},"244":{"start":{"line":514,"column":42},"end":{"line":514,"column":51}},"245":{"start":{"line":515,"column":8},"end":{"line":521,"column":9}},"246":{"start":{"line":515,"column":21},"end":{"line":515,"column":22}},"247":{"start":{"line":517,"column":12},"end":{"line":517,"column":91}},"248":{"start":{"line":518,"column":12},"end":{"line":520,"column":13}},"249":{"start":{"line":519,"column":16},"end":{"line":519,"column":89}},"250":{"start":{"line":523,"column":8},"end":{"line":532,"column":9}},"251":{"start":{"line":525,"column":45},"end":{"line":525,"column":75}},"252":{"start":{"line":527,"column":41},"end":{"line":527,"column":108}},"253":{"start":{"line":528,"column":12},"end":{"line":528,"column":40}},"254":{"start":{"line":531,"column":12},"end":{"line":531,"column":22}},"255":{"start":{"line":534,"column":8},"end":{"line":534,"column":25}},"256":{"start":{"line":535,"column":8},"end":{"line":535,"column":19}}},"fnMap":{"0":{"name":"(anonymous_0)","decl":{"start":{"line":49,"column":24},"end":{"line":49,"column":25}},"loc":{"start":{"line":49,"column":41},"end":{"line":58,"column":1}},"line":49},"1":{"name":"(anonymous_1)","decl":{"start":{"line":60,"column":28},"end":{"line":60,"column":29}},"loc":{"start":{"line":60,"column":45},"end":{"line":73,"column":1}},"line":60},"2":{"name":"(anonymous_2)","decl":{"start":{"line":75,"column":25},"end":{"line":75,"column":26}},"loc":{"start":{"line":75,"column":43},"end":{"line":106,"column":1}},"line":75},"3":{"name":"(anonymous_3)","decl":{"start":{"line":108,"column":24},"end":{"line":108,"column":25}},"loc":{"start":{"line":108,"column":42},"end":{"line":121,"column":1}},"line":108},"4":{"name":"(anonymous_4)","decl":{"start":{"line":123,"column":30},"end":{"line":123,"column":31}},"loc":{"start":{"line":123,"column":48},"end":{"line":149,"column":1}},"line":123},"5":{"name":"(anonymous_5)","decl":{"start":{"line":151,"column":42},"end":{"line":151,"column":43}},"loc":{"start":{"line":151,"column":60},"end":{"line":173,"column":1}},"line":151},"6":{"name":"(anonymous_6)","decl":{"start":{"line":162,"column":43},"end":{"line":162,"column":44}},"loc":{"start":{"line":162,"column":51},"end":{"line":162,"column":70}},"line":162},"7":{"name":"(anonymous_7)","decl":{"start":{"line":175,"column":36},"end":{"line":175,"column":37}},"loc":{"start":{"line":175,"column":54},"end":{"line":220,"column":1}},"line":175},"8":{"name":"(anonymous_8)","decl":{"start":{"line":222,"column":35},"end":{"line":222,"column":36}},"loc":{"start":{"line":222,"column":53},"end":{"line":326,"column":1}},"line":222},"9":{"name":"(anonymous_9)","decl":{"start":{"line":239,"column":47},"end":{"line":239,"column":48}},"loc":{"start":{"line":239,"column":57},"end":{"line":239,"column":70}},"line":239},"10":{"name":"(anonymous_10)","decl":{"start":{"line":263,"column":72},"end":{"line":263,"column":73}},"loc":{"start":{"line":263,"column":82},"end":{"line":263,"column":95}},"line":263},"11":{"name":"(anonymous_11)","decl":{"start":{"line":265,"column":68},"end":{"line":265,"column":69}},"loc":{"start":{"line":265,"column":78},"end":{"line":267,"column":13}},"line":265},"12":{"name":"(anonymous_12)","decl":{"start":{"line":282,"column":37},"end":{"line":282,"column":38}},"loc":{"start":{"line":282,"column":58},"end":{"line":285,"column":17}},"line":282},"13":{"name":"(anonymous_13)","decl":{"start":{"line":307,"column":27},"end":{"line":307,"column":28}},"loc":{"start":{"line":307,"column":48},"end":{"line":310,"column":17}},"line":307},"14":{"name":"(anonymous_14)","decl":{"start":{"line":328,"column":41},"end":{"line":328,"column":42}},"loc":{"start":{"line":328,"column":59},"end":{"line":374,"column":1}},"line":328},"15":{"name":"(anonymous_15)","decl":{"start":{"line":345,"column":34},"end":{"line":345,"column":35}},"loc":{"start":{"line":345,"column":55},"end":{"line":348,"column":13}},"line":345},"16":{"name":"(anonymous_16)","decl":{"start":{"line":355,"column":62},"end":{"line":355,"column":63}},"loc":{"start":{"line":355,"column":71},"end":{"line":359,"column":13}},"line":355},"17":{"name":"(anonymous_17)","decl":{"start":{"line":376,"column":39},"end":{"line":376,"column":40}},"loc":{"start":{"line":376,"column":57},"end":{"line":442,"column":1}},"line":376},"18":{"name":"(anonymous_18)","decl":{"start":{"line":445,"column":40},"end":{"line":445,"column":41}},"loc":{"start":{"line":445,"column":58},"end":{"line":486,"column":1}},"line":445},"19":{"name":"(anonymous_19)","decl":{"start":{"line":488,"column":45},"end":{"line":488,"column":46}},"loc":{"start":{"line":488,"column":63},"end":{"line":502,"column":1}},"line":488},"20":{"name":"(anonymous_20)","decl":{"start":{"line":504,"column":33},"end":{"line":504,"column":34}},"loc":{"start":{"line":504,"column":48},"end":{"line":537,"column":1}},"line":504}},"branchMap":{"0":{"loc":{"start":{"line":64,"column":8},"end":{"line":66,"column":9}},"type":"if","locations":[{"start":{"line":64,"column":8},"end":{"line":66,"column":9}},{"start":{"line":64,"column":8},"end":{"line":66,"column":9}}],"line":64},"1":{"loc":{"start":{"line":82,"column":8},"end":{"line":100,"column":9}},"type":"if","locations":[{"start":{"line":82,"column":8},"end":{"line":100,"column":9}},{"start":{"line":82,"column":8},"end":{"line":100,"column":9}}],"line":82},"2":{"loc":{"start":{"line":82,"column":12},"end":{"line":82,"column":47}},"type":"binary-expr","locations":[{"start":{"line":82,"column":12},"end":{"line":82,"column":27}},{"start":{"line":82,"column":31},"end":{"line":82,"column":47}}],"line":82},"3":{"loc":{"start":{"line":85,"column":15},"end":{"line":100,"column":9}},"type":"if","locations":[{"start":{"line":85,"column":15},"end":{"line":100,"column":9}},{"start":{"line":85,"column":15},"end":{"line":100,"column":9}}],"line":85},"4":{"loc":{"start":{"line":88,"column":15},"end":{"line":100,"column":9}},"type":"if","locations":[{"start":{"line":88,"column":15},"end":{"line":100,"column":9}},{"start":{"line":88,"column":15},"end":{"line":100,"column":9}}],"line":88},"5":{"loc":{"start":{"line":112,"column":8},"end":{"line":114,"column":9}},"type":"if","locations":[{"start":{"line":112,"column":8},"end":{"line":114,"column":9}},{"start":{"line":112,"column":8},"end":{"line":114,"column":9}}],"line":112},"6":{"loc":{"start":{"line":127,"column":8},"end":{"line":143,"column":9}},"type":"if","locations":[{"start":{"line":127,"column":8},"end":{"line":143,"column":9}},{"start":{"line":127,"column":8},"end":{"line":143,"column":9}}],"line":127},"7":{"loc":{"start":{"line":131,"column":12},"end":{"line":140,"column":13}},"type":"if","locations":[{"start":{"line":131,"column":12},"end":{"line":140,"column":13}},{"start":{"line":131,"column":12},"end":{"line":140,"column":13}}],"line":131},"8":{"loc":{"start":{"line":155,"column":8},"end":{"line":157,"column":9}},"type":"if","locations":[{"start":{"line":155,"column":8},"end":{"line":157,"column":9}},{"start":{"line":155,"column":8},"end":{"line":157,"column":9}}],"line":155},"9":{"loc":{"start":{"line":159,"column":8},"end":{"line":166,"column":9}},"type":"if","locations":[{"start":{"line":159,"column":8},"end":{"line":166,"column":9}},{"start":{"line":159,"column":8},"end":{"line":166,"column":9}}],"line":159},"10":{"loc":{"start":{"line":179,"column":8},"end":{"line":181,"column":9}},"type":"if","locations":[{"start":{"line":179,"column":8},"end":{"line":181,"column":9}},{"start":{"line":179,"column":8},"end":{"line":181,"column":9}}],"line":179},"11":{"loc":{"start":{"line":184,"column":8},"end":{"line":192,"column":9}},"type":"if","locations":[{"start":{"line":184,"column":8},"end":{"line":192,"column":9}},{"start":{"line":184,"column":8},"end":{"line":192,"column":9}}],"line":184},"12":{"loc":{"start":{"line":187,"column":15},"end":{"line":192,"column":9}},"type":"if","locations":[{"start":{"line":187,"column":15},"end":{"line":192,"column":9}},{"start":{"line":187,"column":15},"end":{"line":192,"column":9}}],"line":187},"13":{"loc":{"start":{"line":190,"column":15},"end":{"line":192,"column":9}},"type":"if","locations":[{"start":{"line":190,"column":15},"end":{"line":192,"column":9}},{"start":{"line":190,"column":15},"end":{"line":192,"column":9}}],"line":190},"14":{"loc":{"start":{"line":225,"column":8},"end":{"line":227,"column":9}},"type":"if","locations":[{"start":{"line":225,"column":8},"end":{"line":227,"column":9}},{"start":{"line":225,"column":8},"end":{"line":227,"column":9}}],"line":225},"15":{"loc":{"start":{"line":232,"column":21},"end":{"line":232,"column":43}},"type":"binary-expr","locations":[{"start":{"line":232,"column":21},"end":{"line":232,"column":38}},{"start":{"line":232,"column":42},"end":{"line":232,"column":43}}],"line":232},"16":{"loc":{"start":{"line":241,"column":8},"end":{"line":243,"column":9}},"type":"if","locations":[{"start":{"line":241,"column":8},"end":{"line":243,"column":9}},{"start":{"line":241,"column":8},"end":{"line":243,"column":9}}],"line":241},"17":{"loc":{"start":{"line":241,"column":12},"end":{"line":241,"column":81}},"type":"binary-expr","locations":[{"start":{"line":241,"column":12},"end":{"line":241,"column":50}},{"start":{"line":241,"column":54},"end":{"line":241,"column":81}}],"line":241},"18":{"loc":{"start":{"line":253,"column":12},"end":{"line":255,"column":13}},"type":"if","locations":[{"start":{"line":253,"column":12},"end":{"line":255,"column":13}},{"start":{"line":253,"column":12},"end":{"line":255,"column":13}}],"line":253},"19":{"loc":{"start":{"line":259,"column":8},"end":{"line":320,"column":9}},"type":"if","locations":[{"start":{"line":259,"column":8},"end":{"line":320,"column":9}},{"start":{"line":259,"column":8},"end":{"line":320,"column":9}}],"line":259},"20":{"loc":{"start":{"line":270,"column":12},"end":{"line":272,"column":13}},"type":"if","locations":[{"start":{"line":270,"column":12},"end":{"line":272,"column":13}},{"start":{"line":270,"column":12},"end":{"line":272,"column":13}}],"line":270},"21":{"loc":{"start":{"line":276,"column":12},"end":{"line":278,"column":13}},"type":"if","locations":[{"start":{"line":276,"column":12},"end":{"line":278,"column":13}},{"start":{"line":276,"column":12},"end":{"line":278,"column":13}}],"line":276},"22":{"loc":{"start":{"line":300,"column":12},"end":{"line":302,"column":13}},"type":"if","locations":[{"start":{"line":300,"column":12},"end":{"line":302,"column":13}},{"start":{"line":300,"column":12},"end":{"line":302,"column":13}}],"line":300},"23":{"loc":{"start":{"line":331,"column":8},"end":{"line":333,"column":9}},"type":"if","locations":[{"start":{"line":331,"column":8},"end":{"line":333,"column":9}},{"start":{"line":331,"column":8},"end":{"line":333,"column":9}}],"line":331},"24":{"loc":{"start":{"line":354,"column":8},"end":{"line":366,"column":9}},"type":"if","locations":[{"start":{"line":354,"column":8},"end":{"line":366,"column":9}},{"start":{"line":354,"column":8},"end":{"
[...]
me":"(anonymous_15)","decl":{"start":{"line":82,"column":28},"end":{"line":82,"column":29}},"loc":{"start":{"line":82,"column":38},"end":{"line":96,"column":1}},"line":82},"16":{"name":"(anonymous_16)","decl":{"start":{"line":84,"column":23},"end":{"line":84,"column":24}},"loc":{"start":{"line":84,"column":44},"end":{"line":95,"column":5}},"line":84},"17":{"name":"(anonymous_17)","decl":{"start":{"line":85,"column":73},"end":{"line":85,"column":74}},"loc":{"start":{"line":85,"column":93},"end":{"line":94,"column":9}},"line":85},"18":{"name":"(anonymous_18)","decl":{"start":{"line":99,"column":38},"end":{"line":99,"column":39}},"loc":{"start":{"line":99,"column":48},"end":{"line":110,"column":1}},"line":99},"19":{"name":"(anonymous_19)","decl":{"start":{"line":101,"column":23},"end":{"line":101,"column":24}},"loc":{"start":{"line":101,"column":44},"end":{"line":109,"column":5}},"line":101},"20":{"name":"(anonymous_20)","decl":{"start":{"line":102,"column":59},"end":{"line":102,"column":60}},"loc":{"start":{"line":102,"column":79},"end":{"line":108,"column":9}},"line":102},"21":{"name":"(anonymous_21)","decl":{"start":{"line":114,"column":35},"end":{"line":114,"column":36}},"loc":{"start":{"line":114,"column":45},"end":{"line":125,"column":1}},"line":114},"22":{"name":"(anonymous_22)","decl":{"start":{"line":116,"column":23},"end":{"line":116,"column":24}},"loc":{"start":{"line":116,"column":44},"end":{"line":124,"column":5}},"line":116},"23":{"name":"(anonymous_23)","decl":{"start":{"line":117,"column":95},"end":{"line":117,"column":96}},"loc":{"start":{"line":117,"column":115},"end":{"line":123,"column":9}},"line":117},"24":{"name":"(anonymous_24)","decl":{"start":{"line":128,"column":29},"end":{"line":128,"column":30}},"loc":{"start":{"line":128,"column":39},"end":{"line":140,"column":1}},"line":128},"25":{"name":"(anonymous_25)","decl":{"start":{"line":131,"column":23},"end":{"line":131,"column":24}},"loc":{"start":{"line":131,"column":44},"end":{"line":139,"column":5}},"line":131},"26":{"name":"(anonymous_26)","decl":{"start":{"line":132,"column":92},"end":{"line":132,"column":93}},"loc":{"start":{"line":132,"column":112},"end":{"line":138,"column":9}},"line":132},"27":{"name":"(anonymous_27)","decl":{"start":{"line":143,"column":42},"end":{"line":143,"column":43}},"loc":{"start":{"line":143,"column":52},"end":{"line":153,"column":1}},"line":143},"28":{"name":"(anonymous_28)","decl":{"start":{"line":144,"column":23},"end":{"line":144,"column":24}},"loc":{"start":{"line":144,"column":44},"end":{"line":152,"column":5}},"line":144},"29":{"name":"(anonymous_29)","decl":{"start":{"line":145,"column":91},"end":{"line":145,"column":92}},"loc":{"start":{"line":145,"column":110},"end":{"line":151,"column":9}},"line":145},"30":{"name":"(anonymous_30)","decl":{"start":{"line":156,"column":41},"end":{"line":156,"column":42}},"loc":{"start":{"line":156,"column":51},"end":{"line":167,"column":1}},"line":156},"31":{"name":"(anonymous_31)","decl":{"start":{"line":158,"column":23},"end":{"line":158,"column":24}},"loc":{"start":{"line":158,"column":44},"end":{"line":166,"column":5}},"line":158},"32":{"name":"(anonymous_32)","decl":{"start":{"line":159,"column":66},"end":{"line":159,"column":67}},"loc":{"start":{"line":159,"column":86},"end":{"line":165,"column":9}},"line":159}},"branchMap":{"0":{"loc":{"start":{"line":7,"column":12},"end":{"line":11,"column":13}},"type":"if","locations":[{"start":{"line":7,"column":12},"end":{"line":11,"column":13}},{"start":{"line":7,"column":12},"end":{"line":11,"column":13}}],"line":7},"1":{"loc":{"start":{"line":20,"column":12},"end":{"line":24,"column":13}},"type":"if","locations":[{"start":{"line":20,"column":12},"end":{"line":24,"column":13}},{"start":{"line":20,"column":12},"end":{"line":24,"column":13}}],"line":20},"2":{"loc":{"start":{"line":34,"column":12},"end":{"line":43,"column":13}},"type":"if","locations":[{"start":{"line":34,"column":12},"end":{"line":43,"column":13}},{"start":{"line":34,"column":12},"end":{"line":43,"column":13}}],"line":34},"3":{"loc":{"start":{"line":38,"column":20},"end":{"line":40,"column":21}},"type":"if","locations":[{"start":{"line":38,"column":20},"end":{"line":40,"column":21}},{"start":{"line":38,"column":20},"end":{"line":40,"column":21}}],"line":38},"4":{"loc":{"start":{"line":53,"column":12},"end":{"line":62,"column":13}},"type":"if","locations":[{"start":{"line":53,"column":12},"end":{"line":62,"column":13}},{"start":{"line":53,"column":12},"end":{"line":62,"column":13}}],"line":53},"5":{"loc":{"start":{"line":57,"column":20},"end":{"line":59,"column":21}},"type":"if","locations":[{"start":{"line":57,"column":20},"end":{"line":59,"column":21}},{"start":{"line":57,"column":20},"end":{"line":59,"column":21}}],"line":57},"6":{"loc":{"start":{"line":72,"column":12},"end":{"line":76,"column":13}},"type":"if","locations":[{"start":{"line":72,"column":12},"end":{"line":76,"column":13}},{"start":{"line":72,"column":12},"end":{"line":76,"column":13}}],"line":72},"7":{"loc":{"start":{"line":86,"column":12},"end":{"line":93,"column":13}},"type":"if","locations":[{"start":{"line":86,"column":12},"end":{"line":93,"column":13}},{"start":{"line":86,"column":12},"end":{"line":93,"column":13}}],"line":86},"8":{"loc":{"start":{"line":89,"column":16},"end":{"line":91,"column":17}},"type":"if","locations":[{"start":{"line":89,"column":16},"end":{"line":91,"column":17}},{"start":{"line":89,"column":16},"end":{"line":91,"column":17}}],"line":89},"9":{"loc":{"start":{"line":103,"column":12},"end":{"line":107,"column":13}},"type":"if","locations":[{"start":{"line":103,"column":12},"end":{"line":107,"column":13}},{"start":{"line":103,"column":12},"end":{"line":107,"column":13}}],"line":103},"10":{"loc":{"start":{"line":118,"column":12},"end":{"line":122,"column":13}},"type":"if","locations":[{"start":{"line":118,"column":12},"end":{"line":122,"column":13}},{"start":{"line":118,"column":12},"end":{"line":122,"column":13}}],"line":118},"11":{"loc":{"start":{"line":133,"column":12},"end":{"line":137,"column":13}},"type":"if","locations":[{"start":{"line":133,"column":12},"end":{"line":137,"column":13}},{"start":{"line":133,"column":12},"end":{"line":137,"column":13}}],"line":133},"12":{"loc":{"start":{"line":146,"column":12},"end":{"line":150,"column":13}},"type":"if","locations":[{"start":{"line":146,"column":12},"end":{"line":150,"column":13}},{"start":{"line":146,"column":12},"end":{"line":150,"column":13}}],"line":146},"13":{"loc":{"start":{"line":160,"column":12},"end":{"line":164,"column":13}},"type":"if","locations":[{"start":{"line":160,"column":12},"end":{"line":164,"column":13}},{"start":{"line":160,"column":12},"end":{"line":164,"column":13}}],"line":160}},"s":{"0":0,"1":0,"2":0,"3":0,"4":0,"5":0,"6":0,"7":0,"8":0,"9":0,"10":0,"11":0,"12":0,"13":0,"14":0,"15":0,"16":0,"17":0,"18":0,"19":0,"20":0,"21":0,"22":0,"23":0,"24":0,"25":0,"26":0,"27":0,"28":0,"29":0,"30":0,"31":0,"32":0,"33":0,"34":0,"35":0,"36":0,"37":0,"38":0,"39":0,"40":0,"41":0,"42":0,"43":0,"44":0,"45":0,"46":0,"47":0,"48":0,"49":0,"50":0,"51":0,"52":0,"53":0,"54":0,"55":0,"56":0,"57":0,"58":0,"59":0,"60":0,"61":0,"62":0,"63":0,"64":0,"65":0,"66":0,"67":0,"68":0,"69":0,"70":0,"71":0,"72":0,"73":0,"74":0,"75":0,"76":0},"f":{"0":0,"1":0,"2":0,"3":0,"4":0,"5":0,"6":0,"7":0,"8":0,"9":0,"10":0,"11":0,"12":0,"13":0,"14":0,"15":0,"16":0,"17":0,"18":0,"19":0,"20":0,"21":0,"22":0,"23":0,"24":0,"25":0,"26":0,"27":0,"28":0,"29":0,"30":0,"31":0,"32":0},"b":{"0":[0,0],"1":[0,0],"2":[0,0],"3":[0,0],"4":[0,0],"5":[0,0],"6":[0,0],"7":[0,0],"8":[0,0],"9":[0,0],"10":[0,0],"11":[0,0],"12":[0,0],"13":[0,0]},"all":true},"/Users/leeshuchen/Desktop/cloud_native_27/backend/routes/admin.js":{"path":"/Users/leeshuchen/Desktop/cloud_native_27/backend/routes/admin.js","statementMap":{"0":{"start":{"line":14,"column":15},"end":{"line":14,"column":31}},"1":{"start":{"line":17,"column":0},"end":{"line":17,"column":44}},"2":{"start":{"line":20,"column":0},"end":{"line":20,"column":56}},"3":{"start":{"line":23,"column":0},"end":{"line":23,"column":47}},"4":{"start":{"line":26,"column":0},"end":{"line":26,"column":57}},"5":{"start":{"line":29,"column":0},"end":{"line":29,"column":47}},"6":{"start":{"line":32,"column":0},"end":{"line":32,"column":34}},"7":{"start":{"line":35,"column":0},"end":{"line":35,"column":40}},"8":{"start":{"line":38,"column":0},"end":{"line":38,"column":35}},"9":{"start":{"line":41,"column":0},"end":{"line":41,"column":45}}},"fnMap":{},"branchMap":{},"s":{"0":0,"1":0,"2":0,"3":0,"4":0,"5":0,"6":0,"7":0,"8":0,"9":0},"f":{},"b":{},"all":true},"/Users/leeshuchen/Desktop/cloud_native_27/backend/routes/court_provider.js":{"path":"/Users/leeshuchen/Desktop/cloud_native_27/backend/routes/court_provider.js","statementMap":{"0":{"start":{"line":13,"column":15},"end":{"line":13,"column":31}},"1":{"start":{"line":16,"column":0},"end":{"line":16,"column":27}},"2":{"start":{"line":19,"column":0},"end":{"line":19,"column":36}},"3":{"start":{"line":22,"column":0},"end":{"line":22,"column":39}},"4":{"start":{"line":25,"column":0},"end":{"line":25,"column":36}},"5":{"start":{"line":28,"column":0},"end":{"line":28,"column":40}},"6":{"start":{"line":31,"column":0},"end":{"line":31,"column":67}},"7":{"start":{"line":34,"column":0},"end":{"line":34,"column":76}}},"fnMap":{},"branchMap":{},"s":{"0":0,"1":0,"2":0,"3":0,"4":0,"5":0,"6":0,"7":0},"f":{},"b":{},"all":true},"/Users/leeshuchen/Desktop/cloud_native_27/backend/routes/user.js":{"path":"/Users/leeshuchen/Desktop/cloud_native_27/backend/routes/user.js","statementMap":{"0":{"start":{"line":18,"column":15},"end":{"line":18,"column":31}},"1":{"start":{"line":21,"column":0},"end":{"line":21,"column":26}},"2":{"start":{"line":24,"column":0},"end":{"line":24,"column":28}},"3":{"start":{"line":27,"column":0},"end":{"line":27,"column":26}},"4":{"start":{"line":30,"column":0},"end":{"line":30,"column":32}},"5":{"start":{"line":33,"column":0},"end":{"line":33,"column":48}},"6":{"start":{"line":36,"column":0},"end":{"line":36,"column":50}},"7":{"start":{"line":39,"column":0},"end":{"line":39,"column":60}},"8":{"start":{"line":42,"column":0},"end":{"line":42,"column":65}},"9":{"start":{"line":45,"column":0},"end":{"line":45,"column":56}},"10":{"start":{"line":48,"column":0},"end":{"line":48,"column":58}},"11":{"start":{"line":51,"column":0},"end":{"line":51,"column":68}},"12":{"start":{"line":54,"column":0},"end":{"line":54,"column":37}},"13":{"start":{"line":57,"column":0},"end":{"line":57,"column":46}}},"fnMap":{},"branchMap":{},"s":{"0":0,"1":0,"2":0,"3":0,"4":0,"5":0,"6":0,"7":0,"8":0,"9":0,"10":0,"11":0,"12":0,"13":0},"f":{},"b":{},"all":true},"/Users/leeshuchen/Desktop/cloud_native_27/backend/src/app.js":{"path":"/Users/leeshuchen/Desktop/cloud_native_27/backend/src/app.js","statementMap":{"0":{"start":{"line":11,"column":12},"end":{"line":11,"column":21}},"1":{"start":{"line":12,"column":0},"end":{"line":12,"column":27}},"2":{"start":{"line":13,"column":0},"end":{"line":13,"column":16}},"3":{"start":{"line":14,"column":0},"end":{"line":14,"column":23}},"4":{"start":{"line":17,"column":0},"end":{"line":17,"column":16}},"5":{"start":{"line":20,"column":0},"end":{"line":22,"column":3}},"6":{"start":{"line":21,"column":2},"end":{"line":21,"column":30}},"7":{"start":{"line":25,"column":0},"end":{"line":25,"column":34}},"8":{"start":{"line":26,"column":0},"end":{"line":26,"column":36}},"9":{"start":{"line":27,"column":0},"end":{"line":27,"column":35}},"10":{"start":{"line":32,"column":16},"end":{"line":32,"column":46}},"11":{"start":{"line":33,"column":20},"end":{"line":33,"column":53}},"12":{"start":{"line":34,"column":0},"end":{"line":34,"column":66}},"13":{"start":{"line":41,"column":13},"end":{"line":41,"column":37}},"14":{"start":{"line":43,"column":0},"end":{"line":46,"column":3}},"15":{"start":{"line":44,"column":1},"end":{"line":44,"column":50}},"16":{"start":{"line":45,"column":1},"end":{"line":45,"column":20}}},"fnMap":{"0":{"name":"(anonymous_0)","decl":{"start":{"line":20,"column":13},"end":{"line":20,"column":14}},"loc":{"start":{"line":20,"column":27},"end":{"line":22,"column":1}},"line":20},"1":{"name":"(anonymous_1)","decl":{"start":{"line":43,"column":17},"end":{"line":43,"column":18}},"loc":{"start":{"line":43,"column":23},"end":{"line":46,"column":1}},"line":43}},"branchMap":{"0":{"loc":{"start":{"line":41,"column":13},"end":{"line":41,"column":37}},"type":"binary-expr","locations":[{"start":{"line":41,"column":13},"end":{"line":41,"column":29}},{"start":{"line":41,"column":33},"end":{"line":41,"column":37}}],"line":41}},"s":{"0":0,"1":0,"2":0,"3":0,"4":0,"5":0,"6":0,"7":0,"8":0,"9":0,"10":0,"11":0,"12":0,"13":0,"14":0,"15":0,"16":0},"f":{"0":0,"1":0},"b":{"0":[0,0]},"all":true},"/Users/leeshuchen/Desktop/cloud_native_27/backend/src/email.js":{"path":"/Users/leeshuchen/Desktop/cloud_native_27/backend/src/email.js","statementMap":{"0":{"start":{"line":6,"column":15},"end":{"line":6,"column":36}},"1":{"start":{"line":9,"column":13},"end":{"line":40,"column":1}},"2":{"start":{"line":10,"column":24},"end":{"line":10,"column":63}},"3":{"start":{"line":11,"column":17},"end":{"line":11,"column":19}},"4":{"start":{"line":12,"column":15},"end":{"line":12,"column":48}},"5":{"start":{"line":14,"column":4},"end":{"line":23,"column":6}},"6":{"start":{"line":16,"column":17},"end":{"line":21,"column":9}},"7":{"start":{"line":22,"column":8},"end":{"line":22,"column":24}},"8":{"start":{"line":29,"column":4},"end":{"line":39,"column":7}},"9":{"start":{"line":30,"column":8},"end":{"line":38,"column":10}},"10":{"start":{"line":31,"column":12},"end":{"line":37,"column":13}},"11":{"start":{"line":32,"column":16},"end":{"line":32,"column":33}},"12":{"start":{"line":35,"column":16},"end":{"line":35,"column":41}},"13":{"start":{"line":36,"column":16},"end":{"line":36,"column":37}}},"fnMap":{"0":{"name":"(anonymous_0)","decl":{"start":{"line":9,"column":13},"end":{"line":9,"column":14}},"loc":{"start":{"line":9,"column":24},"end":{"line":40,"column":1}},"line":9},"1":{"name":"(anonymous_1)","decl":{"start":{"line":14,"column":17},"end":{"line":14,"column":18}},"loc":{"start":{"line":14,"column":28},"end":{"line":23,"column":5}},"line":14},"2":{"name":"(anonymous_2)","decl":{"start":{"line":29,"column":19},"end":{"line":29,"column":20}},"loc":{"start":{"line":29,"column":30},"end":{"line":39,"column":5}},"line":29},"3":{"name":"(anonymous_3)","decl":{"start":{"line":30,"column":38},"end":{"line":30,"column":39}},"loc":{"start":{"line":30,"column":53},"end":{"line":38,"column":9}},"line":30}},"branchMap":{"0":{"loc":{"start":{"line":31,"column":12},"end":{"line":37,"column":13}},"type":"if","locations":[{"start":{"line":31,"column":12},"end":{"line":37,"column":13}},{"start":{"line":31,"column":12},"end":{"line":37,"column":13}}],"line":31}},"s":{"0":0,"1":0,"2":0,"3":0,"4":0,"5":0,"6":0,"7":0,"8":0,"9":0,"10":0,"11":0,"12":0,"13":0},"f":{"0":0,"1":0,"2":0,"3":0},"b":{"0":[0,0]},"all":true},"/Users/leeshuchen/Desktop/cloud_native_27/backend/swagger.js":{"path":"/Users/leeshuchen/Desktop/cloud_native_27/backend/swagger.js","statementMap":{"0":{"start":{"line":3,"column":19},"end":{"line":3,"column":42}},"1":{"start":{"line":4,"column":23},"end":{"line":4,"column":39}},"2":{"start":{"line":6,"column":0},"end":{"line":6,"column":43}}},"fnMap":{},"branchMap":{},"s":{"0":0,"1":0,"2":0},"f":{},"b":{},"all":true},"/Users/leeshuchen/Desktop/cloud_native_27/backend/utils/helper.js":{"path":"/Users/leeshuchen/Desktop/cloud_native_27/backend/utils/helper.js","statementMap":{"0":{"start":{"line":9,"column":0},"end":{"line":9,"column":16}},"1":{"start":{"line":13,"column":37},"end":{"line":24,"column":1}},"2":{"start":{"line":15,"column":19},"end":{"line":15,"column":51}},"3":{"start":{"line":16,"column":18},"end":{"line":16,"column":102}},"4":{"start":{"line":17,"column":16},"end":{"line":17,"column":98}},"5":{"start":{"line":18,"column":18},"end":{"line":18,"column":42}},"6":{"start":{"line":19,"column":30},"end":{"line":19,"column":48}},"7":{"start":{"line":23,"column":4},"end":{"line":23,"column":44}},"8":{"start":{"line":28,"column":36},"end":{"line":39,"column":1}},"9":{"start":{"line":30,"column":19},"end":{"line":30,"column":51}},"10":{"start":{"line":31,"column":18},"end":{"line":31,"column":102}},"11":{"start":{"line":32,"column":16},"end":{"line":32,"column":98}},"12":{"start":{"line":33,"column":18},"end":{"line":33,"column":42}},"13":{"start":{"line":34,"column":30},"end":{"line":34,"column":48}},"14":{"start":{"line":38,"column":4},"end":{"line":38,"column":44}},"15":{"start":{"line":43,"column":32},"end":{"line":54,"column":1}},"16":{"start":{"line":45,"column":19},"end":{"line":45,"column":51}},"17":{"start":{"line":46,"column":37},"end":{"line":46,"column":88}},"18":{"start":{"line":47,"column":37},"end":{"line":47,"column":88}},"19":{"start":{"line":50,"column":18},"end":{"line":50,"column":82}},"20":{"start":{"line":51,"column":28},"end":{"line":51,"column":122}},"21":{"start":{"line":53,"column":4},"end":{"line":53,"column":42}},"22":{"start":{"line":56,"column":28},"end":{"line":58,"column":1}},"23":{"start":{"line":57,"column":4},"end":{"line":57,"column":46}},"24":{"start":{"line":60,"column":31},"end":{"line":62,"column":1}},"25":{"start":{"line":61,"column":4},"end":{"line":61,"column":51}},"26":{"start":{"line":64,"column":29},"end":{"line":66,"column":1}},"27":{"start":{"line":65,"column":4},"end":{"line":65,"column":20}},"28":{"start":{"line":68,"column":28},"end":{"line":71,"column":1}},"29":{"start":{"line":69,"column":21},"end":{"line":69,"column":35}},"30":{"start":{"line":70,"column":4},"end":{"line":70,"column":85}},"31":{"start":{"line":73,"column":27},"end":{"line":76,"column":1}},"32":{"start":{"line":74,"column":21},"end":{"line":74,"column":35}},"33":{"start":{"line":75,"column":4},"end":{"line":75,"column":87}},"34":{"start":{"line":78,"column":27},"end":{"line":84,"column":1}},"35":{"start":{"line":79,"column":4},"end":{"line":83,"column":11}}},"fnMap":{"0":{"name":"(anonymous_0)","decl":{"start":{"line":13,"column":37},"end":{"line":13,"column":38}},"loc":{"start":{"line":13,"column":69},"end":{"line":24,"column":1}},"line":13},"1":{"name":"(anonymous_1)","decl":{"start":{"line":28,"column":36},"end":{"line":28,"column":37}},"loc":{"start":{"line":28,"column":68},"end":{"line":39,"column":1}},"line":28},"2":{"name":"(anonymous_2)","decl":{"start":{"line":43,"column":32},"end":{"line":43,"column":33}},"loc":{"start":{"line":43,"column":69},"end":{"line":54,"column":1}},"line":43},"3":{"name":"(anonymous_3)","decl":{"start":{"line":56,"column":28},"end":{"line":56,"column":29}},"loc":{"start":{"line":56,"column":51},"end":{"line":58,"column":1}},"line":56},"4":{"name":"(anonymous_4)","decl":{"start":{"line":60,"column":31},"end":{"line":60,"column":32}},"loc":{"start":{"line":60,"column":60},"end":{"line":62,"column":1}},"line":60},"5":{"name":"(anonymous_5)","decl":{"start":{"line":64,"column":29},"end":{"line":64,"column":30}},"loc":{"start":{"line":64,"column":35},"end":{"line":66,"column":1}},"line":64},"6":{"name":"(anonymous_6)","decl":{"start":{"line":68,"column":28},"end":{"line":68,"column":29}},"loc":{"start":{"line":68,"column":38},"end":{"line":71,"column":1}},"line":68},"7":{"name":"(anonymous_7)","decl":{"start":{"line":73,"column":27},"end":{"line":73,"column":28}},"loc":{"start":{"line":73,"column":37},"end":{"line":76,"column":1}},"line":73},"8":{"name":"(anonymous_8)","decl":{"start":{"line":78,"column":27},"end":{"line":78,"column":28}},"loc":{"start":{"line":78,"column":43},"end":{"line":84,"column":1}},"line":78}},"branchMap":{},"s":{"0":0,"1":0,"2":0,"3":0,"4":0,"5":0,"6":0,"7":0,"8":0,"9":0,"10":0,"11":0,"12":0,"13":0,"14":0,"15":0,"16":0,"17":0,"18":0,"19":0,"20":0,"21":0,"22":0,"23":0,"24":0,"25":0,"26":0,"27":0,"28":0,"29":0,"30":0,"31":0,"32":0,"33":0,"34":0,"35":0},"f":{"0":0,"1":0,"2":0,"3":0,"4":0,"5":0,"6":0,"7":0,"8":0},"b":{},"all":true}}